[0.147s] DEBUG:colcon:Command line arguments: ['/usr/bin/colcon', 'build', '--symlink-install', '--packages-select', 'psub1b']
[0.147s] DEBUG:colcon:Parsed command line arguments: Namespace(ament_cmake_args=None, base_paths=['.'], build_base='build', catkin_cmake_args=None, catkin_skip_building_tests=False, cmake_args=None, cmake_clean_cache=False, cmake_clean_first=False, cmake_force_configure=False, cmake_target=None, cmake_target_skip_unavailable=False, continue_on_error=False, event_handlers=None, executor='parallel', ignore_user_meta=False, install_base='install', log_base=None, log_level=None, main=<bound method BuildVerb.main of <colcon_core.verb.build.BuildVerb object at 0xffff813a9820>>, merge_install=False, metas=['./colcon.meta'], mixin=None, mixin_files=None, mixin_verb=('build',), packages_above=None, packages_above_and_dependencies=None, packages_above_depth=None, packages_end=None, packages_ignore=None, packages_ignore_regex=None, packages_select=['psub1b'], packages_select_build_failed=False, packages_select_by_dep=None, packages_select_regex=None, packages_select_test_failures=False, packages_skip=None, packages_skip_build_finished=False, packages_skip_by_dep=None, packages_skip_regex=None, packages_skip_test_passed=False, packages_skip_up_to=None, packages_start=None, packages_up_to=None, packages_up_to_regex=None, parallel_workers=8, paths=None, symlink_install=True, test_result_base=None, verb_extension=<colcon_core.verb.build.BuildVerb object at 0xffff813a9820>, verb_name='build', verb_parser=<colcon_mixin.mixin.mixin_argument.MixinArgumentDecorator object at 0xffff813a9df0>)
[0.162s] Level 1:colcon.colcon_core.package_discovery:discover_packages(colcon_meta) check parameters
[0.162s] Level 1:colcon.colcon_core.package_discovery:discover_packages(recursive) check parameters
[0.162s] Level 1:colcon.colcon_core.package_discovery:discover_packages(ignore) check parameters
[0.162s] Level 1:colcon.colcon_core.package_discovery:discover_packages(path) check parameters
[0.162s] Level 1:colcon.colcon_core.package_discovery:discover_packages(colcon_meta) discover
[0.162s] Level 1:colcon.colcon_core.package_discovery:discover_packages(recursive) discover
[0.162s] INFO:colcon.colcon_core.package_discovery:Crawling recursively for packages in '/home/eogus/ros2_ws'
[0.163s] Level 1:colcon.colcon_core.package_identification:_identify(.) by extensions ['ignore', 'ignore_ament_install']
[0.163s] Level 1:colcon.colcon_core.package_identification:_identify(.) by extension 'ignore'
[0.163s] Level 1:colcon.colcon_core.package_identification:_identify(.) by extension 'ignore_ament_install'
[0.163s] Level 1:colcon.colcon_core.package_identification:_identify(.) by extensions ['colcon_pkg']
[0.163s] Level 1:colcon.colcon_core.package_identification:_identify(.) by extension 'colcon_pkg'
[0.163s] Level 1:colcon.colcon_core.package_identification:_identify(.) by extensions ['colcon_meta']
[0.163s] Level 1:colcon.colcon_core.package_identification:_identify(.) by extension 'colcon_meta'
[0.163s] Level 1:colcon.colcon_core.package_identification:_identify(.) by extensions ['ros']
[0.163s] Level 1:colcon.colcon_core.package_identification:_identify(.) by extension 'ros'
[0.175s] Level 1:colcon.colcon_core.package_identification:_identify(.) by extensions ['cmake', 'python']
[0.175s] Level 1:colcon.colcon_core.package_identification:_identify(.) by extension 'cmake'
[0.175s] Level 1:colcon.colcon_core.package_identification:_identify(.) by extension 'python'
[0.175s] Level 1:colcon.colcon_core.package_identification:_identify(.) by extensions ['python_setup_py']
[0.175s] Level 1:colcon.colcon_core.package_identification:_identify(.) by extension 'python_setup_py'
[0.175s] Level 1:colcon.colcon_core.package_identification:_identify(build) by extensions ['ignore', 'ignore_ament_install']
[0.175s] Level 1:colcon.colcon_core.package_identification:_identify(build) by extension 'ignore'
[0.175s] Level 1:colcon.colcon_core.package_identification:_identify(build) ignored
[0.176s] Level 1:colcon.colcon_core.package_identification:_identify(install) by extensions ['ignore', 'ignore_ament_install']
[0.176s] Level 1:colcon.colcon_core.package_identification:_identify(install) by extension 'ignore'
[0.176s] Level 1:colcon.colcon_core.package_identification:_identify(install) ignored
[0.177s] Level 1:colcon.colcon_core.package_identification:_identify(log) by extensions ['ignore', 'ignore_ament_install']
[0.177s] Level 1:colcon.colcon_core.package_identification:_identify(log) by extension 'ignore'
[0.177s] Level 1:colcon.colcon_core.package_identification:_identify(log) ignored
[0.177s] Level 1:colcon.colcon_core.package_identification:_identify(src) by extensions ['ignore', 'ignore_ament_install']
[0.177s] Level 1:colcon.colcon_core.package_identification:_identify(src) by extension 'ignore'
[0.177s] Level 1:colcon.colcon_core.package_identification:_identify(src) by extension 'ignore_ament_install'
[0.177s] Level 1:colcon.colcon_core.package_identification:_identify(src) by extensions ['colcon_pkg']
[0.177s] Level 1:colcon.colcon_core.package_identification:_identify(src) by extension 'colcon_pkg'
[0.177s] Level 1:colcon.colcon_core.package_identification:_identify(src) by extensions ['colcon_meta']
[0.177s] Level 1:colcon.colcon_core.package_identification:_identify(src) by extension 'colcon_meta'
[0.177s] Level 1:colcon.colcon_core.package_identification:_identify(src) by extensions ['ros']
[0.178s] Level 1:colcon.colcon_core.package_identification:_identify(src) by extension 'ros'
[0.178s] Level 1:colcon.colcon_core.package_identification:_identify(src) by extensions ['cmake', 'python']
[0.178s] Level 1:colcon.colcon_core.package_identification:_identify(src) by extension 'cmake'
[0.178s] Level 1:colcon.colcon_core.package_identification:_identify(src) by extension 'python'
[0.178s] Level 1:colcon.colcon_core.package_identification:_identify(src) by extensions ['python_setup_py']
[0.178s] Level 1:colcon.colcon_core.package_identification:_identify(src) by extension 'python_setup_py'
[0.178s] Level 1:colcon.colcon_core.package_identification:_identify(src/my_package) by extensions ['ignore', 'ignore_ament_install']
[0.178s] Level 1:colcon.colcon_core.package_identification:_identify(src/my_package) by extension 'ignore'
[0.178s] Level 1:colcon.colcon_core.package_identification:_identify(src/my_package) by extension 'ignore_ament_install'
[0.178s] Level 1:colcon.colcon_core.package_identification:_identify(src/my_package) by extensions ['colcon_pkg']
[0.179s] Level 1:colcon.colcon_core.package_identification:_identify(src/my_package) by extension 'colcon_pkg'
[0.179s] Level 1:colcon.colcon_core.package_identification:_identify(src/my_package) by extensions ['colcon_meta']
[0.179s] Level 1:colcon.colcon_core.package_identification:_identify(src/my_package) by extension 'colcon_meta'
[0.179s] Level 1:colcon.colcon_core.package_identification:_identify(src/my_package) by extensions ['ros']
[0.179s] Level 1:colcon.colcon_core.package_identification:_identify(src/my_package) by extension 'ros'
[0.181s] DEBUG:colcon.colcon_core.package_identification:Package 'src/my_package' with type 'ros.ament_cmake' and name 'my_package'
[0.181s] Level 1:colcon.colcon_core.package_identification:_identify(src/psub1) by extensions ['ignore', 'ignore_ament_install']
[0.181s] Level 1:colcon.colcon_core.package_identification:_identify(src/psub1) by extension 'ignore'
[0.181s] Level 1:colcon.colcon_core.package_identification:_identify(src/psub1) by extension 'ignore_ament_install'
[0.181s] Level 1:colcon.colcon_core.package_identification:_identify(src/psub1) by extensions ['colcon_pkg']
[0.181s] Level 1:colcon.colcon_core.package_identification:_identify(src/psub1) by extension 'colcon_pkg'
[0.181s] Level 1:colcon.colcon_core.package_identification:_identify(src/psub1) by extensions ['colcon_meta']
[0.181s] Level 1:colcon.colcon_core.package_identification:_identify(src/psub1) by extension 'colcon_meta'
[0.181s] Level 1:colcon.colcon_core.package_identification:_identify(src/psub1) by extensions ['ros']
[0.181s] Level 1:colcon.colcon_core.package_identification:_identify(src/psub1) by extension 'ros'
[0.182s] DEBUG:colcon.colcon_core.package_identification:Package 'src/psub1' with type 'ros.ament_cmake' and name 'psub1'
[0.182s] Level 1:colcon.colcon_core.package_identification:_identify(src/psub1a) by extensions ['ignore', 'ignore_ament_install']
[0.182s] Level 1:colcon.colcon_core.package_identification:_identify(src/psub1a) by extension 'ignore'
[0.182s] Level 1:colcon.colcon_core.package_identification:_identify(src/psub1a) by extension 'ignore_ament_install'
[0.182s] Level 1:colcon.colcon_core.package_identification:_identify(src/psub1a) by extensions ['colcon_pkg']
[0.182s] Level 1:colcon.colcon_core.package_identification:_identify(src/psub1a) by extension 'colcon_pkg'
[0.182s] Level 1:colcon.colcon_core.package_identification:_identify(src/psub1a) by extensions ['colcon_meta']
[0.182s] Level 1:colcon.colcon_core.package_identification:_identify(src/psub1a) by extension 'colcon_meta'
[0.182s] Level 1:colcon.colcon_core.package_identification:_identify(src/psub1a) by extensions ['ros']
[0.182s] Level 1:colcon.colcon_core.package_identification:_identify(src/psub1a) by extension 'ros'
[0.183s] DEBUG:colcon.colcon_core.package_identification:Package 'src/psub1a' with type 'ros.ament_cmake' and name 'psub1a'
[0.183s] Level 1:colcon.colcon_core.package_identification:_identify(src/psub1b) by extensions ['ignore', 'ignore_ament_install']
[0.183s] Level 1:colcon.colcon_core.package_identification:_identify(src/psub1b) by extension 'ignore'
[0.183s] Level 1:colcon.colcon_core.package_identification:_identify(src/psub1b) by extension 'ignore_ament_install'
[0.183s] Level 1:colcon.colcon_core.package_identification:_identify(src/psub1b) by extensions ['colcon_pkg']
[0.184s] Level 1:colcon.colcon_core.package_identification:_identify(src/psub1b) by extension 'colcon_pkg'
[0.184s] Level 1:colcon.colcon_core.package_identification:_identify(src/psub1b) by extensions ['colcon_meta']
[0.184s] Level 1:colcon.colcon_core.package_identification:_identify(src/psub1b) by extension 'colcon_meta'
[0.184s] Level 1:colcon.colcon_core.package_identification:_identify(src/psub1b) by extensions ['ros']
[0.184s] Level 1:colcon.colcon_core.package_identification:_identify(src/psub1b) by extension 'ros'
[0.184s] DEBUG:colcon.colcon_core.package_identification:Package 'src/psub1b' with type 'ros.ament_cmake' and name 'psub1b'
[0.184s] Level 1:colcon.colcon_core.package_identification:_identify(src/pub1) by extensions ['ignore', 'ignore_ament_install']
[0.184s] Level 1:colcon.colcon_core.package_identification:_identify(src/pub1) by extension 'ignore'
[0.184s] Level 1:colcon.colcon_core.package_identification:_identify(src/pub1) by extension 'ignore_ament_install'
[0.185s] Level 1:colcon.colcon_core.package_identification:_identify(src/pub1) by extensions ['colcon_pkg']
[0.185s] Level 1:colcon.colcon_core.package_identification:_identify(src/pub1) by extension 'colcon_pkg'
[0.185s] Level 1:colcon.colcon_core.package_identification:_identify(src/pub1) by extensions ['colcon_meta']
[0.185s] Level 1:colcon.colcon_core.package_identification:_identify(src/pub1) by extension 'colcon_meta'
[0.185s] Level 1:colcon.colcon_core.package_identification:_identify(src/pub1) by extensions ['ros']
[0.185s] Level 1:colcon.colcon_core.package_identification:_identify(src/pub1) by extension 'ros'
[0.185s] DEBUG:colcon.colcon_core.package_identification:Package 'src/pub1' with type 'ros.ament_cmake' and name 'pub1'
[0.185s] Level 1:colcon.colcon_core.package_identification:_identify(src/pub1a) by extensions ['ignore', 'ignore_ament_install']
[0.185s] Level 1:colcon.colcon_core.package_identification:_identify(src/pub1a) by extension 'ignore'
[0.186s] Level 1:colcon.colcon_core.package_identification:_identify(src/pub1a) by extension 'ignore_ament_install'
[0.186s] Level 1:colcon.colcon_core.package_identification:_identify(src/pub1a) by extensions ['colcon_pkg']
[0.186s] Level 1:colcon.colcon_core.package_identification:_identify(src/pub1a) by extension 'colcon_pkg'
[0.186s] Level 1:colcon.colcon_core.package_identification:_identify(src/pub1a) by extensions ['colcon_meta']
[0.186s] Level 1:colcon.colcon_core.package_identification:_identify(src/pub1a) by extension 'colcon_meta'
[0.186s] Level 1:colcon.colcon_core.package_identification:_identify(src/pub1a) by extensions ['ros']
[0.186s] Level 1:colcon.colcon_core.package_identification:_identify(src/pub1a) by extension 'ros'
[0.186s] DEBUG:colcon.colcon_core.package_identification:Package 'src/pub1a' with type 'ros.ament_cmake' and name 'pub1a'
[0.187s] Level 1:colcon.colcon_core.package_identification:_identify(src/pub1b) by extensions ['ignore', 'ignore_ament_install']
[0.187s] Level 1:colcon.colcon_core.package_identification:_identify(src/pub1b) by extension 'ignore'
[0.187s] Level 1:colcon.colcon_core.package_identification:_identify(src/pub1b) by extension 'ignore_ament_install'
[0.187s] Level 1:colcon.colcon_core.package_identification:_identify(src/pub1b) by extensions ['colcon_pkg']
[0.187s] Level 1:colcon.colcon_core.package_identification:_identify(src/pub1b) by extension 'colcon_pkg'
[0.187s] Level 1:colcon.colcon_core.package_identification:_identify(src/pub1b) by extensions ['colcon_meta']
[0.187s] Level 1:colcon.colcon_core.package_identification:_identify(src/pub1b) by extension 'colcon_meta'
[0.187s] Level 1:colcon.colcon_core.package_identification:_identify(src/pub1b) by extensions ['ros']
[0.187s] Level 1:colcon.colcon_core.package_identification:_identify(src/pub1b) by extension 'ros'
[0.188s] DEBUG:colcon.colcon_core.package_identification:Package 'src/pub1b' with type 'ros.ament_cmake' and name 'pub1b'
[0.188s] Level 1:colcon.colcon_core.package_identification:_identify(src/pub2) by extensions ['ignore', 'ignore_ament_install']
[0.188s] Level 1:colcon.colcon_core.package_identification:_identify(src/pub2) by extension 'ignore'
[0.188s] Level 1:colcon.colcon_core.package_identification:_identify(src/pub2) by extension 'ignore_ament_install'
[0.188s] Level 1:colcon.colcon_core.package_identification:_identify(src/pub2) by extensions ['colcon_pkg']
[0.188s] Level 1:colcon.colcon_core.package_identification:_identify(src/pub2) by extension 'colcon_pkg'
[0.188s] Level 1:colcon.colcon_core.package_identification:_identify(src/pub2) by extensions ['colcon_meta']
[0.188s] Level 1:colcon.colcon_core.package_identification:_identify(src/pub2) by extension 'colcon_meta'
[0.188s] Level 1:colcon.colcon_core.package_identification:_identify(src/pub2) by extensions ['ros']
[0.188s] Level 1:colcon.colcon_core.package_identification:_identify(src/pub2) by extension 'ros'
[0.189s] DEBUG:colcon.colcon_core.package_identification:Package 'src/pub2' with type 'ros.ament_cmake' and name 'pub2'
[0.189s] Level 1:colcon.colcon_core.package_identification:_identify(src/pub2a) by extensions ['ignore', 'ignore_ament_install']
[0.189s] Level 1:colcon.colcon_core.package_identification:_identify(src/pub2a) by extension 'ignore'
[0.189s] Level 1:colcon.colcon_core.package_identification:_identify(src/pub2a) by extension 'ignore_ament_install'
[0.189s] Level 1:colcon.colcon_core.package_identification:_identify(src/pub2a) by extensions ['colcon_pkg']
[0.189s] Level 1:colcon.colcon_core.package_identification:_identify(src/pub2a) by extension 'colcon_pkg'
[0.189s] Level 1:colcon.colcon_core.package_identification:_identify(src/pub2a) by extensions ['colcon_meta']
[0.189s] Level 1:colcon.colcon_core.package_identification:_identify(src/pub2a) by extension 'colcon_meta'
[0.190s] Level 1:colcon.colcon_core.package_identification:_identify(src/pub2a) by extensions ['ros']
[0.190s] Level 1:colcon.colcon_core.package_identification:_identify(src/pub2a) by extension 'ros'
[0.190s] DEBUG:colcon.colcon_core.package_identification:Package 'src/pub2a' with type 'ros.ament_cmake' and name 'pub2a'
[0.190s] Level 1:colcon.colcon_core.package_identification:_identify(src/pub2b) by extensions ['ignore', 'ignore_ament_install']
[0.190s] Level 1:colcon.colcon_core.package_identification:_identify(src/pub2b) by extension 'ignore'
[0.190s] Level 1:colcon.colcon_core.package_identification:_identify(src/pub2b) by extension 'ignore_ament_install'
[0.191s] Level 1:colcon.colcon_core.package_identification:_identify(src/pub2b) by extensions ['colcon_pkg']
[0.191s] Level 1:colcon.colcon_core.package_identification:_identify(src/pub2b) by extension 'colcon_pkg'
[0.191s] Level 1:colcon.colcon_core.package_identification:_identify(src/pub2b) by extensions ['colcon_meta']
[0.191s] Level 1:colcon.colcon_core.package_identification:_identify(src/pub2b) by extension 'colcon_meta'
[0.191s] Level 1:colcon.colcon_core.package_identification:_identify(src/pub2b) by extensions ['ros']
[0.191s] Level 1:colcon.colcon_core.package_identification:_identify(src/pub2b) by extension 'ros'
[0.191s] DEBUG:colcon.colcon_core.package_identification:Package 'src/pub2b' with type 'ros.ament_cmake' and name 'pub2b'
[0.191s] Level 1:colcon.colcon_core.package_discovery:discover_packages(recursive) using defaults
[0.191s] Level 1:colcon.colcon_core.package_discovery:discover_packages(ignore) discover
[0.191s] Level 1:colcon.colcon_core.package_discovery:discover_packages(ignore) using defaults
[0.191s] Level 1:colcon.colcon_core.package_discovery:discover_packages(path) discover
[0.191s] Level 1:colcon.colcon_core.package_discovery:discover_packages(path) using defaults
[0.202s] INFO:colcon.colcon_core.package_selection:Skipping not selected package 'my_package' in 'src/my_package'
[0.202s] INFO:colcon.colcon_core.package_selection:Skipping not selected package 'psub1' in 'src/psub1'
[0.202s] INFO:colcon.colcon_core.package_selection:Skipping not selected package 'psub1a' in 'src/psub1a'
[0.202s] INFO:colcon.colcon_core.package_selection:Skipping not selected package 'pub1' in 'src/pub1'
[0.202s] INFO:colcon.colcon_core.package_selection:Skipping not selected package 'pub1a' in 'src/pub1a'
[0.203s] INFO:colcon.colcon_core.package_selection:Skipping not selected package 'pub1b' in 'src/pub1b'
[0.203s] INFO:colcon.colcon_core.package_selection:Skipping not selected package 'pub2' in 'src/pub2'
[0.203s] INFO:colcon.colcon_core.package_selection:Skipping not selected package 'pub2a' in 'src/pub2a'
[0.203s] INFO:colcon.colcon_core.package_selection:Skipping not selected package 'pub2b' in 'src/pub2b'
[0.203s] Level 5:colcon.colcon_core.verb:set package 'psub1b' build argument 'cmake_args' from command line to 'None'
[0.203s] Level 5:colcon.colcon_core.verb:set package 'psub1b' build argument 'cmake_target' from command line to 'None'
[0.203s] Level 5:colcon.colcon_core.verb:set package 'psub1b' build argument 'cmake_target_skip_unavailable' from command line to 'False'
[0.203s] Level 5:colcon.colcon_core.verb:set package 'psub1b' build argument 'cmake_clean_cache' from command line to 'False'
[0.203s] Level 5:colcon.colcon_core.verb:set package 'psub1b' build argument 'cmake_clean_first' from command line to 'False'
[0.203s] Level 5:colcon.colcon_core.verb:set package 'psub1b' build argument 'cmake_force_configure' from command line to 'False'
[0.203s] Level 5:colcon.colcon_core.verb:set package 'psub1b' build argument 'ament_cmake_args' from command line to 'None'
[0.203s] Level 5:colcon.colcon_core.verb:set package 'psub1b' build argument 'catkin_cmake_args' from command line to 'None'
[0.203s] Level 5:colcon.colcon_core.verb:set package 'psub1b' build argument 'catkin_skip_building_tests' from command line to 'False'
[0.203s] DEBUG:colcon.colcon_core.verb:Building package 'psub1b' with the following arguments: {'ament_cmake_args': None, 'build_base': '/home/eogus/ros2_ws/build/psub1b', 'catkin_cmake_args': None, 'catkin_skip_building_tests': False, 'cmake_args': None, 'cmake_clean_cache': False, 'cmake_clean_first': False, 'cmake_force_configure': False, 'cmake_target': None, 'cmake_target_skip_unavailable': False, 'install_base': '/home/eogus/ros2_ws/install/psub1b', 'merge_install': False, 'path': '/home/eogus/ros2_ws/src/psub1b', 'symlink_install': True, 'test_result_base': None}
[0.204s] INFO:colcon.colcon_core.executor:Executing jobs using 'parallel' executor
[0.205s] DEBUG:colcon.colcon_parallel_executor.executor.parallel:run_until_complete
[0.205s] INFO:colcon.colcon_ros.task.ament_cmake.build:Building ROS package in '/home/eogus/ros2_ws/src/psub1b' with build type 'ament_cmake'
[0.206s] INFO:colcon.colcon_cmake.task.cmake.build:Building CMake package in '/home/eogus/ros2_ws/src/psub1b'
[0.208s] INFO:colcon.colcon_core.plugin_system:Skipping extension 'colcon_core.shell.bat': Not used on non-Windows systems
[0.208s] INFO:colcon.colcon_core.shell:Skip shell extension 'powershell' for command environment: Not usable outside of PowerShell
[0.208s] DEBUG:colcon.colcon_core.shell:Skip shell extension 'dsv' for command environment
[0.225s] DEBUG:colcon.colcon_core.event_handler.log_command:Invoking command in '/home/eogus/ros2_ws/build/psub1b': CMAKE_PREFIX_PATH=${CMAKE_PREFIX_PATH}:/opt/ros/foxy /usr/bin/cmake --build /home/eogus/ros2_ws/build/psub1b -- -j8 -l8
[3.597s] DEBUG:colcon.colcon_core.event_handler.log_command:Invoked command in '/home/eogus/ros2_ws/build/psub1b' returned '0': CMAKE_PREFIX_PATH=${CMAKE_PREFIX_PATH}:/opt/ros/foxy /usr/bin/cmake --build /home/eogus/ros2_ws/build/psub1b -- -j8 -l8
[3.617s] DEBUG:colcon.colcon_core.event_handler.log_command:Invoking command in '/home/eogus/ros2_ws/build/psub1b': CMAKE_PREFIX_PATH=${CMAKE_PREFIX_PATH}:/opt/ros/foxy /usr/bin/cmake --install /home/eogus/ros2_ws/build/psub1b
[3.646s] Level 1:colcon.colcon_core.environment:create_environment_scripts_only(psub1b)
[3.649s] Level 1:colcon.colcon_core.environment:checking '/home/eogus/ros2_ws/install/psub1b' for CMake module files
[3.649s] DEBUG:colcon.colcon_core.event_handler.log_command:Invoked command in '/home/eogus/ros2_ws/build/psub1b' returned '0': CMAKE_PREFIX_PATH=${CMAKE_PREFIX_PATH}:/opt/ros/foxy /usr/bin/cmake --install /home/eogus/ros2_ws/build/psub1b
[3.651s] Level 1:colcon.colcon_core.environment:checking '/home/eogus/ros2_ws/install/psub1b' for CMake config files
[3.653s] Level 1:colcon.colcon_core.shell:create_environment_hook('psub1b', 'cmake_prefix_path')
[3.653s] INFO:colcon.colcon_core.shell:Creating environment hook '/home/eogus/ros2_ws/install/psub1b/share/psub1b/hook/cmake_prefix_path.ps1'
[3.654s] INFO:colcon.colcon_core.shell:Creating environment descriptor '/home/eogus/ros2_ws/install/psub1b/share/psub1b/hook/cmake_prefix_path.dsv'
[3.655s] INFO:colcon.colcon_core.shell:Creating environment hook '/home/eogus/ros2_ws/install/psub1b/share/psub1b/hook/cmake_prefix_path.sh'
[3.656s] Level 1:colcon.colcon_core.environment:checking '/home/eogus/ros2_ws/install/psub1b/lib'
[3.656s] Level 1:colcon.colcon_core.environment:checking '/home/eogus/ros2_ws/install/psub1b/bin'
[3.656s] Level 1:colcon.colcon_core.environment:checking '/home/eogus/ros2_ws/install/psub1b/lib/pkgconfig/psub1b.pc'
[3.656s] Level 1:colcon.colcon_core.environment:checking '/home/eogus/ros2_ws/install/psub1b/lib/python3.8/site-packages'
[3.657s] Level 1:colcon.colcon_core.environment:checking '/home/eogus/ros2_ws/install/psub1b/bin'
[3.657s] INFO:colcon.colcon_core.shell:Creating package script '/home/eogus/ros2_ws/install/psub1b/share/psub1b/package.ps1'
[3.658s] INFO:colcon.colcon_core.shell:Creating package descriptor '/home/eogus/ros2_ws/install/psub1b/share/psub1b/package.dsv'
[3.659s] INFO:colcon.colcon_core.shell:Creating package script '/home/eogus/ros2_ws/install/psub1b/share/psub1b/package.sh'
[3.659s] INFO:colcon.colcon_core.shell:Creating package script '/home/eogus/ros2_ws/install/psub1b/share/psub1b/package.bash'
[3.660s] INFO:colcon.colcon_core.shell:Creating package script '/home/eogus/ros2_ws/install/psub1b/share/psub1b/package.zsh'
[3.660s] Level 1:colcon.colcon_core.environment:create_file_with_runtime_dependencies(/home/eogus/ros2_ws/install/psub1b/share/colcon-core/packages/psub1b)
[3.676s] Level 1:colcon.colcon_core.environment:create_environment_scripts_only(psub1b)
[3.677s] Level 1:colcon.colcon_core.environment:checking '/home/eogus/ros2_ws/install/psub1b' for CMake module files
[3.679s] Level 1:colcon.colcon_core.environment:checking '/home/eogus/ros2_ws/install/psub1b' for CMake config files
[3.680s] Level 1:colcon.colcon_core.shell:create_environment_hook('psub1b', 'cmake_prefix_path')
[3.681s] INFO:colcon.colcon_core.shell:Creating environment hook '/home/eogus/ros2_ws/install/psub1b/share/psub1b/hook/cmake_prefix_path.ps1'
[3.682s] INFO:colcon.colcon_core.shell:Creating environment descriptor '/home/eogus/ros2_ws/install/psub1b/share/psub1b/hook/cmake_prefix_path.dsv'
[3.682s] INFO:colcon.colcon_core.shell:Creating environment hook '/home/eogus/ros2_ws/install/psub1b/share/psub1b/hook/cmake_prefix_path.sh'
[3.683s] Level 1:colcon.colcon_core.environment:checking '/home/eogus/ros2_ws/install/psub1b/lib'
[3.683s] Level 1:colcon.colcon_core.environment:checking '/home/eogus/ros2_ws/install/psub1b/bin'
[3.683s] Level 1:colcon.colcon_core.environment:checking '/home/eogus/ros2_ws/install/psub1b/lib/pkgconfig/psub1b.pc'
[3.683s] Level 1:colcon.colcon_core.environment:checking '/home/eogus/ros2_ws/install/psub1b/lib/python3.8/site-packages'
[3.683s] Level 1:colcon.colcon_core.environment:checking '/home/eogus/ros2_ws/install/psub1b/bin'
[3.684s] INFO:colcon.colcon_core.shell:Creating package script '/home/eogus/ros2_ws/install/psub1b/share/psub1b/package.ps1'
[3.685s] INFO:colcon.colcon_core.shell:Creating package descriptor '/home/eogus/ros2_ws/install/psub1b/share/psub1b/package.dsv'
[3.685s] INFO:colcon.colcon_core.shell:Creating package script '/home/eogus/ros2_ws/install/psub1b/share/psub1b/package.sh'
[3.686s] INFO:colcon.colcon_core.shell:Creating package script '/home/eogus/ros2_ws/install/psub1b/share/psub1b/package.bash'
[3.686s] INFO:colcon.colcon_core.shell:Creating package script '/home/eogus/ros2_ws/install/psub1b/share/psub1b/package.zsh'
[3.686s] Level 1:colcon.colcon_core.environment:create_file_with_runtime_dependencies(/home/eogus/ros2_ws/install/psub1b/share/colcon-core/packages/psub1b)
[3.687s] DEBUG:colcon.colcon_parallel_executor.executor.parallel:closing loop
[3.687s] DEBUG:colcon.colcon_parallel_executor.executor.parallel:loop closed
[3.687s] DEBUG:colcon.colcon_parallel_executor.executor.parallel:run_until_complete finished with '0'
[3.687s] DEBUG:colcon.colcon_core.event_reactor:joining thread
[3.691s] INFO:colcon.colcon_core.plugin_system:Skipping extension 'colcon_notification.desktop_notification.notify_send': Could not find 'notify-send'
[3.692s] INFO:colcon.colcon_core.plugin_system:Skipping extension 'colcon_notification.desktop_notification.terminal_notifier': Not used on non-Darwin systems
[3.692s] INFO:colcon.colcon_core.plugin_system:Skipping extension 'colcon_notification.desktop_notification.win32': Not used on non-Windows systems
[3.692s] INFO:colcon.colcon_notification.desktop_notification:Sending desktop notification using 'notify2'
[3.699s] DEBUG:colcon.colcon_notification.desktop_notification.notify2:Failed to initialize notify2: org.freedesktop.DBus.Error.ServiceUnknown: The name org.freedesktop.Notifications was not provided by any .service files
[3.700s] DEBUG:colcon.colcon_core.event_reactor:joined thread
[3.701s] INFO:colcon.colcon_core.shell:Creating prefix script '/home/eogus/ros2_ws/install/local_setup.ps1'
[3.702s] INFO:colcon.colcon_core.shell:Creating prefix util module '/home/eogus/ros2_ws/install/_local_setup_util_ps1.py'
[3.703s] INFO:colcon.colcon_core.shell:Creating prefix chain script '/home/eogus/ros2_ws/install/setup.ps1'
[3.707s] INFO:colcon.colcon_core.shell:Creating prefix script '/home/eogus/ros2_ws/install/local_setup.sh'
[3.707s] INFO:colcon.colcon_core.shell:Creating prefix util module '/home/eogus/ros2_ws/install/_local_setup_util_sh.py'
[3.708s] INFO:colcon.colcon_core.shell:Creating prefix chain script '/home/eogus/ros2_ws/install/setup.sh'
[3.710s] INFO:colcon.colcon_core.shell:Creating prefix script '/home/eogus/ros2_ws/install/local_setup.bash'
[3.711s] INFO:colcon.colcon_core.shell:Creating prefix chain script '/home/eogus/ros2_ws/install/setup.bash'
[3.713s] INFO:colcon.colcon_core.shell:Creating prefix script '/home/eogus/ros2_ws/install/local_setup.zsh'
[3.714s] INFO:colcon.colcon_core.shell:Creating prefix chain script '/home/eogus/ros2_ws/install/setup.zsh'
