[0.011s] Invoking command in '/home/eogus/ros2_ws/build/my_package': CMAKE_PREFIX_PATH=/opt/ros/foxy /usr/bin/cmake /home/eogus/ros2_ws/src/my_package -DAMENT_CMAKE_SYMLINK_INSTALL=1 -DCMAKE_INSTALL_PREFIX=/home/eogus/ros2_ws/install/my_package
[0.062s] -- The C compiler identification is GNU 9.4.0
[0.107s] -- The CXX compiler identification is GNU 9.4.0
[0.111s] -- Check for working C compiler: /usr/bin/cc
[0.178s] -- Check for working C compiler: /usr/bin/cc -- works
[0.179s] -- Detecting C compiler ABI info
[0.243s] -- Detecting C compiler ABI info - done
[0.253s] -- Detecting C compile features
[0.253s] -- Detecting C compile features - done
[0.256s] -- Check for working CXX compiler: /usr/bin/c++
[0.328s] -- Check for working CXX compiler: /usr/bin/c++ -- works
[0.328s] -- Detecting CXX compiler ABI info
[0.395s] -- Detecting CXX compiler ABI info - done
[0.405s] -- Detecting CXX compile features
[0.406s] -- Detecting CXX compile features - done
[0.411s] -- Found ament_cmake: 0.9.12 (/opt/ros/foxy/share/ament_cmake/cmake)
[0.423s] -- Found PythonInterp: /usr/bin/python3 (found suitable version "3.8.10", minimum required is "3") 
[0.423s] -- Using PYTHON_EXECUTABLE: /usr/bin/python3
[0.502s] -- Override CMake install command with custom implementation using symlinks instead of copying resources
[0.527s] -- Found rclcpp: 2.4.3 (/opt/ros/foxy/share/rclcpp/cmake)
[0.553s] -- Using all available rosidl_typesupport_c: rosidl_typesupport_fastrtps_c;rosidl_typesupport_introspection_c
[0.556s] -- Found rosidl_adapter: 1.3.1 (/opt/ros/foxy/share/rosidl_adapter/cmake)
[0.598s] -- Found OpenSSL: /usr/lib/aarch64-linux-gnu/libcrypto.so (found version "1.1.1f")  
[0.618s] -- Found FastRTPS: /opt/ros/foxy/include  
[0.669s] -- Using all available rosidl_typesupport_cpp: rosidl_typesupport_fastrtps_cpp;rosidl_typesupport_introspection_cpp
[0.702s] -- Found rmw_implementation_cmake: 1.0.4 (/opt/ros/foxy/share/rmw_implementation_cmake/cmake)
[0.703s] -- Using RMW implementation 'rmw_fastrtps_cpp' as default
[0.706s] -- Looking for pthread.h
[0.769s] -- Looking for pthread.h - found
[0.770s] -- Performing Test CMAKE_HAVE_LIBC_PTHREAD
[0.836s] -- Performing Test CMAKE_HAVE_LIBC_PTHREAD - Failed
[0.836s] -- Looking for pthread_create in pthreads
[0.890s] -- Looking for pthread_create in pthreads - not found
[0.890s] -- Looking for pthread_create in pthread
[0.955s] -- Looking for pthread_create in pthread - found
[0.956s] -- Found Threads: TRUE  
[1.062s] CMake Error at CMakeLists.txt:14 (find_package):
[1.062s]   find_package called with invalid argument "REQUIRE"
[1.063s] 
[1.063s] 
[1.064s] -- Found geometry_msgs: 2.0.5 (/opt/ros/foxy/share/geometry_msgs/cmake)
[1.123s] CMake Error at /opt/ros/foxy/share/ament_cmake_core/cmake/core/ament_package_xml.cmake:53 (message):
[1.124s]   ament_package_xml() package name 'my_package' in '/package.xml' does not
[1.124s]   match current PROJECT_NAME 'my_pkg'.  You must call project() with the same
[1.124s]   package name before.
[1.125s] Call Stack (most recent call first):
[1.125s]   /opt/ros/foxy/share/ament_cmake_core/cmake/core/ament_package.cmake:63 (ament_package_xml)
[1.125s]   CMakeLists.txt:24 (ament_package)
[1.126s] 
[1.130s] 
[1.130s] -- Configuring incomplete, errors occurred!
[1.131s] See also "/home/eogus/ros2_ws/build/my_package/CMakeFiles/CMakeOutput.log".
[1.132s] See also "/home/eogus/ros2_ws/build/my_package/CMakeFiles/CMakeError.log".
[1.133s] Invoked command in '/home/eogus/ros2_ws/build/my_package' returned '1': CMAKE_PREFIX_PATH=/opt/ros/foxy /usr/bin/cmake /home/eogus/ros2_ws/src/my_package -DAMENT_CMAKE_SYMLINK_INSTALL=1 -DCMAKE_INSTALL_PREFIX=/home/eogus/ros2_ws/install/my_package
