[35m[1mScanning dependencies of target pub1b[0m
[ 50%] [32mBuilding CXX object CMakeFiles/pub1b.dir/src/pub1b.cpp.o[0m
[100%] [32m[1mLinking CXX executable pub1b[0m
[100%] Built target pub1b
-- Install configuration: ""
-- Execute custom install script
-- Up-to-date symlink: /home/eogus/ros2_ws/install/pub1b/lib/pub1b/pub1b
-- Up-to-date symlink: /home/eogus/ros2_ws/install/pub1b/share/ament_index/resource_index/package_run_dependencies/pub1b
-- Up-to-date symlink: /home/eogus/ros2_ws/install/pub1b/share/ament_index/resource_index/parent_prefix_path/pub1b
-- Up-to-date symlink: /home/eogus/ros2_ws/install/pub1b/share/pub1b/environment/ament_prefix_path.sh
-- Up-to-date symlink: /home/eogus/ros2_ws/install/pub1b/share/pub1b/environment/ament_prefix_path.dsv
-- Up-to-date symlink: /home/eogus/ros2_ws/install/pub1b/share/pub1b/environment/path.sh
-- Up-to-date symlink: /home/eogus/ros2_ws/install/pub1b/share/pub1b/environment/path.dsv
-- Up-to-date symlink: /home/eogus/ros2_ws/install/pub1b/share/pub1b/local_setup.bash
-- Up-to-date symlink: /home/eogus/ros2_ws/install/pub1b/share/pub1b/local_setup.sh
-- Up-to-date symlink: /home/eogus/ros2_ws/install/pub1b/share/pub1b/local_setup.zsh
-- Up-to-date symlink: /home/eogus/ros2_ws/install/pub1b/share/pub1b/local_setup.dsv
-- Symlinking: /home/eogus/ros2_ws/install/pub1b/share/pub1b/package.dsv
-- Up-to-date symlink: /home/eogus/ros2_ws/install/pub1b/share/ament_index/resource_index/packages/pub1b
-- Up-to-date symlink: /home/eogus/ros2_ws/install/pub1b/share/pub1b/cmake/pub1bConfig.cmake
-- Up-to-date symlink: /home/eogus/ros2_ws/install/pub1b/share/pub1b/cmake/pub1bConfig-version.cmake
-- Up-to-date symlink: /home/eogus/ros2_ws/install/pub1b/share/pub1b/package.xml
