[0.012s] Invoking command in '/home/eogus/ros2_ws/build/pub1a': CMAKE_PREFIX_PATH=${CMAKE_PREFIX_PATH}:/opt/ros/foxy /usr/bin/cmake --build /home/eogus/ros2_ws/build/pub1a -- -j8 -l8
[0.037s] [35m[1mScanning dependencies of target pub1a[0m
[0.219s] [ 50%] [32mBuilding CXX object CMakeFiles/pub1a.dir/src/pub1a.cpp.o[0m
[1.431s] [100%] [32m[1mLinking CXX executable pub1a[0m
[1.522s] [100%] Built target pub1a
[1.530s] Invoked command in '/home/eogus/ros2_ws/build/pub1a' returned '0': CMAKE_PREFIX_PATH=${CMAKE_PREFIX_PATH}:/opt/ros/foxy /usr/bin/cmake --build /home/eogus/ros2_ws/build/pub1a -- -j8 -l8
[1.549s] Invoking command in '/home/eogus/ros2_ws/build/pub1a': CMAKE_PREFIX_PATH=${CMAKE_PREFIX_PATH}:/opt/ros/foxy /usr/bin/cmake --install /home/eogus/ros2_ws/build/pub1a
[1.554s] -- Install configuration: ""
[1.555s] -- Execute custom install script
[1.556s] -- Up-to-date symlink: /home/eogus/ros2_ws/install/pub1a/lib/pub1a/pub1a
[1.556s] -- Up-to-date symlink: /home/eogus/ros2_ws/install/pub1a/share/ament_index/resource_index/package_run_dependencies/pub1a
[1.557s] -- Up-to-date symlink: /home/eogus/ros2_ws/install/pub1a/share/ament_index/resource_index/parent_prefix_path/pub1a
[1.557s] -- Up-to-date symlink: /home/eogus/ros2_ws/install/pub1a/share/pub1a/environment/ament_prefix_path.sh
[1.557s] -- Up-to-date symlink: /home/eogus/ros2_ws/install/pub1a/share/pub1a/environment/ament_prefix_path.dsv
[1.558s] -- Up-to-date symlink: /home/eogus/ros2_ws/install/pub1a/share/pub1a/environment/path.sh
[1.558s] -- Up-to-date symlink: /home/eogus/ros2_ws/install/pub1a/share/pub1a/environment/path.dsv
[1.559s] -- Up-to-date symlink: /home/eogus/ros2_ws/install/pub1a/share/pub1a/local_setup.bash
[1.559s] -- Up-to-date symlink: /home/eogus/ros2_ws/install/pub1a/share/pub1a/local_setup.sh
[1.560s] -- Up-to-date symlink: /home/eogus/ros2_ws/install/pub1a/share/pub1a/local_setup.zsh
[1.560s] -- Up-to-date symlink: /home/eogus/ros2_ws/install/pub1a/share/pub1a/local_setup.dsv
[1.560s] -- Symlinking: /home/eogus/ros2_ws/install/pub1a/share/pub1a/package.dsv
[1.566s] -- Up-to-date symlink: /home/eogus/ros2_ws/install/pub1a/share/ament_index/resource_index/packages/pub1a
[1.566s] -- Up-to-date symlink: /home/eogus/ros2_ws/install/pub1a/share/pub1a/cmake/pub1aConfig.cmake
[1.567s] -- Up-to-date symlink: /home/eogus/ros2_ws/install/pub1a/share/pub1a/cmake/pub1aConfig-version.cmake
[1.567s] -- Up-to-date symlink: /home/eogus/ros2_ws/install/pub1a/share/pub1a/package.xml
[1.571s] Invoked command in '/home/eogus/ros2_ws/build/pub1a' returned '0': CMAKE_PREFIX_PATH=${CMAKE_PREFIX_PATH}:/opt/ros/foxy /usr/bin/cmake --install /home/eogus/ros2_ws/build/pub1a
