[0.014s] Invoking command in '/home/eogus/ros2_ws/build/pub2a': CMAKE_PREFIX_PATH=${CMAKE_PREFIX_PATH}:/opt/ros/foxy /usr/bin/cmake /home/eogus/ros2_ws/src/pub2a -DAMENT_CMAKE_SYMLINK_INSTALL=1 -DCMAKE_INSTALL_PREFIX=/home/eogus/ros2_ws/install/pub2a
[0.061s] -- The C compiler identification is GNU 9.4.0
[0.108s] -- The CXX compiler identification is GNU 9.4.0
[0.114s] -- Check for working C compiler: /usr/bin/cc
[0.179s] -- Check for working C compiler: /usr/bin/cc -- works
[0.180s] -- Detecting C compiler ABI info
[0.246s] -- Detecting C compiler ABI info - done
[0.256s] -- Detecting C compile features
[0.257s] -- Detecting C compile features - done
[0.260s] -- Check for working CXX compiler: /usr/bin/c++
[0.326s] -- Check for working CXX compiler: /usr/bin/c++ -- works
[0.327s] -- Detecting CXX compiler ABI info
[0.394s] -- Detecting CXX compiler ABI info - done
[0.405s] -- Detecting CXX compile features
[0.405s] -- Detecting CXX compile features - done
[0.415s] -- Found ament_cmake: 0.9.12 (/opt/ros/foxy/share/ament_cmake/cmake)
[0.441s] -- Found PythonInterp: /usr/bin/python3 (found suitable version "3.8.10", minimum required is "3") 
[0.441s] -- Using PYTHON_EXECUTABLE: /usr/bin/python3
[0.520s] -- Override CMake install command with custom implementation using symlinks instead of copying resources
[0.672s] -- Found rclcpp: 2.4.3 (/opt/ros/foxy/share/rclcpp/cmake)
[0.766s] -- Using all available rosidl_typesupport_c: rosidl_typesupport_fastrtps_c;rosidl_typesupport_introspection_c
[0.791s] -- Found rosidl_adapter: 1.3.1 (/opt/ros/foxy/share/rosidl_adapter/cmake)
[0.881s] -- Found OpenSSL: /usr/lib/aarch64-linux-gnu/libcrypto.so (found version "1.1.1f")  
[0.909s] -- Found FastRTPS: /opt/ros/foxy/include  
[1.010s] -- Using all available rosidl_typesupport_cpp: rosidl_typesupport_fastrtps_cpp;rosidl_typesupport_introspection_cpp
[1.095s] -- Found rmw_implementation_cmake: 1.0.4 (/opt/ros/foxy/share/rmw_implementation_cmake/cmake)
[1.096s] -- Using RMW implementation 'rmw_fastrtps_cpp' as default
[1.098s] -- Looking for pthread.h
[1.160s] -- Looking for pthread.h - found
[1.161s] -- Performing Test CMAKE_HAVE_LIBC_PTHREAD
[1.223s] -- Performing Test CMAKE_HAVE_LIBC_PTHREAD - Failed
[1.224s] -- Looking for pthread_create in pthreads
[1.283s] -- Looking for pthread_create in pthreads - not found
[1.284s] -- Looking for pthread_create in pthread
[1.347s] -- Looking for pthread_create in pthread - found
[1.348s] -- Found Threads: TRUE  
[1.552s] -- Configuring done
[1.573s] -- Generating done
[1.583s] -- Build files have been written to: /home/eogus/ros2_ws/build/pub2a
[1.583s] Invoked command in '/home/eogus/ros2_ws/build/pub2a' returned '0': CMAKE_PREFIX_PATH=${CMAKE_PREFIX_PATH}:/opt/ros/foxy /usr/bin/cmake /home/eogus/ros2_ws/src/pub2a -DAMENT_CMAKE_SYMLINK_INSTALL=1 -DCMAKE_INSTALL_PREFIX=/home/eogus/ros2_ws/install/pub2a
[1.586s] Invoking command in '/home/eogus/ros2_ws/build/pub2a': CMAKE_PREFIX_PATH=${CMAKE_PREFIX_PATH}:/opt/ros/foxy /usr/bin/cmake --build /home/eogus/ros2_ws/build/pub2a -- -j8 -l8
[1.611s] [35m[1mScanning dependencies of target pub2a[0m
[1.748s] [ 50%] [32mBuilding CXX object CMakeFiles/pub2a.dir/src/pub2a.cpp.o[0m
[3.195s] [100%] [32m[1mLinking CXX executable pub2a[0m
[3.297s] [100%] Built target pub2a
[3.304s] Invoked command in '/home/eogus/ros2_ws/build/pub2a' returned '0': CMAKE_PREFIX_PATH=${CMAKE_PREFIX_PATH}:/opt/ros/foxy /usr/bin/cmake --build /home/eogus/ros2_ws/build/pub2a -- -j8 -l8
[3.326s] Invoking command in '/home/eogus/ros2_ws/build/pub2a': CMAKE_PREFIX_PATH=${CMAKE_PREFIX_PATH}:/opt/ros/foxy /usr/bin/cmake --install /home/eogus/ros2_ws/build/pub2a
[3.331s] -- Install configuration: ""
[3.332s] -- Execute custom install script
[3.333s] -- Symlinking: /home/eogus/ros2_ws/install/pub2a/lib/pub2a/pub2a
[3.339s] -- Symlinking: /home/eogus/ros2_ws/install/pub2a/share/ament_index/resource_index/package_run_dependencies/pub2a
[3.345s] -- Symlinking: /home/eogus/ros2_ws/install/pub2a/share/ament_index/resource_index/parent_prefix_path/pub2a
[3.351s] -- Symlinking: /home/eogus/ros2_ws/install/pub2a/share/pub2a/environment/ament_prefix_path.sh
[3.356s] -- Symlinking: /home/eogus/ros2_ws/install/pub2a/share/pub2a/environment/ament_prefix_path.dsv
[3.362s] -- Symlinking: /home/eogus/ros2_ws/install/pub2a/share/pub2a/environment/path.sh
[3.368s] -- Symlinking: /home/eogus/ros2_ws/install/pub2a/share/pub2a/environment/path.dsv
[3.373s] -- Symlinking: /home/eogus/ros2_ws/install/pub2a/share/pub2a/local_setup.bash
[3.380s] -- Symlinking: /home/eogus/ros2_ws/install/pub2a/share/pub2a/local_setup.sh
[3.386s] -- Symlinking: /home/eogus/ros2_ws/install/pub2a/share/pub2a/local_setup.zsh
[3.392s] -- Symlinking: /home/eogus/ros2_ws/install/pub2a/share/pub2a/local_setup.dsv
[3.398s] -- Symlinking: /home/eogus/ros2_ws/install/pub2a/share/pub2a/package.dsv
[3.404s] -- Symlinking: /home/eogus/ros2_ws/install/pub2a/share/ament_index/resource_index/packages/pub2a
[3.410s] -- Symlinking: /home/eogus/ros2_ws/install/pub2a/share/pub2a/cmake/pub2aConfig.cmake
[3.416s] -- Symlinking: /home/eogus/ros2_ws/install/pub2a/share/pub2a/cmake/pub2aConfig-version.cmake
[3.422s] -- Symlinking: /home/eogus/ros2_ws/install/pub2a/share/pub2a/package.xml
[3.432s] Invoked command in '/home/eogus/ros2_ws/build/pub2a' returned '0': CMAKE_PREFIX_PATH=${CMAKE_PREFIX_PATH}:/opt/ros/foxy /usr/bin/cmake --install /home/eogus/ros2_ws/build/pub2a
