[0.152s] DEBUG:colcon:Command line arguments: ['/usr/bin/colcon', 'build', '--symlink-install', '--packages-select', 'my_package']
[0.152s] DEBUG:colcon:Parsed command line arguments: Namespace(ament_cmake_args=None, base_paths=['.'], build_base='build', catkin_cmake_args=None, catkin_skip_building_tests=False, cmake_args=None, cmake_clean_cache=False, cmake_clean_first=False, cmake_force_configure=False, cmake_target=None, cmake_target_skip_unavailable=False, continue_on_error=False, event_handlers=None, executor='parallel', ignore_user_meta=False, install_base='install', log_base=None, log_level=None, main=<bound method BuildVerb.main of <colcon_core.verb.build.BuildVerb object at 0xffffae0c6af0>>, merge_install=False, metas=['./colcon.meta'], mixin=None, mixin_files=None, mixin_verb=('build',), packages_above=None, packages_above_and_dependencies=None, packages_above_depth=None, packages_end=None, packages_ignore=None, packages_ignore_regex=None, packages_select=['my_package'], packages_select_build_failed=False, packages_select_by_dep=None, packages_select_regex=None, packages_select_test_failures=False, packages_skip=None, packages_skip_build_finished=False, packages_skip_by_dep=None, packages_skip_regex=None, packages_skip_test_passed=False, packages_skip_up_to=None, packages_start=None, packages_up_to=None, packages_up_to_regex=None, parallel_workers=8, paths=None, symlink_install=True, test_result_base=None, verb_extension=<colcon_core.verb.build.BuildVerb object at 0xffffae0c6af0>, verb_name='build', verb_parser=<colcon_mixin.mixin.mixin_argument.MixinArgumentDecorator object at 0xffffae0d3100>)
[0.167s] Level 1:colcon.colcon_core.package_discovery:discover_packages(colcon_meta) check parameters
[0.167s] Level 1:colcon.colcon_core.package_discovery:discover_packages(recursive) check parameters
[0.167s] Level 1:colcon.colcon_core.package_discovery:discover_packages(ignore) check parameters
[0.167s] Level 1:colcon.colcon_core.package_discovery:discover_packages(path) check parameters
[0.167s] Level 1:colcon.colcon_core.package_discovery:discover_packages(colcon_meta) discover
[0.167s] Level 1:colcon.colcon_core.package_discovery:discover_packages(recursive) discover
[0.167s] INFO:colcon.colcon_core.package_discovery:Crawling recursively for packages in '/home/eogus/ros2_ws'
[0.168s] Level 1:colcon.colcon_core.package_identification:_identify(.) by extensions ['ignore', 'ignore_ament_install']
[0.168s] Level 1:colcon.colcon_core.package_identification:_identify(.) by extension 'ignore'
[0.168s] Level 1:colcon.colcon_core.package_identification:_identify(.) by extension 'ignore_ament_install'
[0.168s] Level 1:colcon.colcon_core.package_identification:_identify(.) by extensions ['colcon_pkg']
[0.168s] Level 1:colcon.colcon_core.package_identification:_identify(.) by extension 'colcon_pkg'
[0.168s] Level 1:colcon.colcon_core.package_identification:_identify(.) by extensions ['colcon_meta']
[0.168s] Level 1:colcon.colcon_core.package_identification:_identify(.) by extension 'colcon_meta'
[0.168s] Level 1:colcon.colcon_core.package_identification:_identify(.) by extensions ['ros']
[0.168s] Level 1:colcon.colcon_core.package_identification:_identify(.) by extension 'ros'
[0.179s] Level 1:colcon.colcon_core.package_identification:_identify(.) by extensions ['cmake', 'python']
[0.179s] Level 1:colcon.colcon_core.package_identification:_identify(.) by extension 'cmake'
[0.179s] Level 1:colcon.colcon_core.package_identification:_identify(.) by extension 'python'
[0.179s] Level 1:colcon.colcon_core.package_identification:_identify(.) by extensions ['python_setup_py']
[0.179s] Level 1:colcon.colcon_core.package_identification:_identify(.) by extension 'python_setup_py'
[0.179s] Level 1:colcon.colcon_core.package_identification:_identify(build) by extensions ['ignore', 'ignore_ament_install']
[0.180s] Level 1:colcon.colcon_core.package_identification:_identify(build) by extension 'ignore'
[0.180s] Level 1:colcon.colcon_core.package_identification:_identify(build) ignored
[0.180s] Level 1:colcon.colcon_core.package_identification:_identify(install) by extensions ['ignore', 'ignore_ament_install']
[0.180s] Level 1:colcon.colcon_core.package_identification:_identify(install) by extension 'ignore'
[0.180s] Level 1:colcon.colcon_core.package_identification:_identify(install) ignored
[0.180s] Level 1:colcon.colcon_core.package_identification:_identify(log) by extensions ['ignore', 'ignore_ament_install']
[0.180s] Level 1:colcon.colcon_core.package_identification:_identify(log) by extension 'ignore'
[0.181s] Level 1:colcon.colcon_core.package_identification:_identify(log) ignored
[0.181s] Level 1:colcon.colcon_core.package_identification:_identify(src) by extensions ['ignore', 'ignore_ament_install']
[0.181s] Level 1:colcon.colcon_core.package_identification:_identify(src) by extension 'ignore'
[0.181s] Level 1:colcon.colcon_core.package_identification:_identify(src) by extension 'ignore_ament_install'
[0.181s] Level 1:colcon.colcon_core.package_identification:_identify(src) by extensions ['colcon_pkg']
[0.181s] Level 1:colcon.colcon_core.package_identification:_identify(src) by extension 'colcon_pkg'
[0.181s] Level 1:colcon.colcon_core.package_identification:_identify(src) by extensions ['colcon_meta']
[0.181s] Level 1:colcon.colcon_core.package_identification:_identify(src) by extension 'colcon_meta'
[0.181s] Level 1:colcon.colcon_core.package_identification:_identify(src) by extensions ['ros']
[0.181s] Level 1:colcon.colcon_core.package_identification:_identify(src) by extension 'ros'
[0.182s] Level 1:colcon.colcon_core.package_identification:_identify(src) by extensions ['cmake', 'python']
[0.182s] Level 1:colcon.colcon_core.package_identification:_identify(src) by extension 'cmake'
[0.182s] Level 1:colcon.colcon_core.package_identification:_identify(src) by extension 'python'
[0.182s] Level 1:colcon.colcon_core.package_identification:_identify(src) by extensions ['python_setup_py']
[0.182s] Level 1:colcon.colcon_core.package_identification:_identify(src) by extension 'python_setup_py'
[0.182s] Level 1:colcon.colcon_core.package_identification:_identify(src/my_package) by extensions ['ignore', 'ignore_ament_install']
[0.182s] Level 1:colcon.colcon_core.package_identification:_identify(src/my_package) by extension 'ignore'
[0.182s] Level 1:colcon.colcon_core.package_identification:_identify(src/my_package) by extension 'ignore_ament_install'
[0.182s] Level 1:colcon.colcon_core.package_identification:_identify(src/my_package) by extensions ['colcon_pkg']
[0.182s] Level 1:colcon.colcon_core.package_identification:_identify(src/my_package) by extension 'colcon_pkg'
[0.182s] Level 1:colcon.colcon_core.package_identification:_identify(src/my_package) by extensions ['colcon_meta']
[0.183s] Level 1:colcon.colcon_core.package_identification:_identify(src/my_package) by extension 'colcon_meta'
[0.183s] Level 1:colcon.colcon_core.package_identification:_identify(src/my_package) by extensions ['ros']
[0.183s] Level 1:colcon.colcon_core.package_identification:_identify(src/my_package) by extension 'ros'
[0.184s] DEBUG:colcon.colcon_core.package_identification:Package 'src/my_package' with type 'ros.ament_cmake' and name 'my_package'
[0.185s] Level 1:colcon.colcon_core.package_identification:_identify(src/pub1) by extensions ['ignore', 'ignore_ament_install']
[0.185s] Level 1:colcon.colcon_core.package_identification:_identify(src/pub1) by extension 'ignore'
[0.185s] Level 1:colcon.colcon_core.package_identification:_identify(src/pub1) by extension 'ignore_ament_install'
[0.185s] Level 1:colcon.colcon_core.package_identification:_identify(src/pub1) by extensions ['colcon_pkg']
[0.185s] Level 1:colcon.colcon_core.package_identification:_identify(src/pub1) by extension 'colcon_pkg'
[0.185s] Level 1:colcon.colcon_core.package_identification:_identify(src/pub1) by extensions ['colcon_meta']
[0.185s] Level 1:colcon.colcon_core.package_identification:_identify(src/pub1) by extension 'colcon_meta'
[0.185s] Level 1:colcon.colcon_core.package_identification:_identify(src/pub1) by extensions ['ros']
[0.185s] Level 1:colcon.colcon_core.package_identification:_identify(src/pub1) by extension 'ros'
[0.186s] DEBUG:colcon.colcon_core.package_identification:Package 'src/pub1' with type 'ros.ament_cmake' and name 'pub1'
[0.186s] Level 1:colcon.colcon_core.package_identification:_identify(src/pub1a) by extensions ['ignore', 'ignore_ament_install']
[0.186s] Level 1:colcon.colcon_core.package_identification:_identify(src/pub1a) by extension 'ignore'
[0.186s] Level 1:colcon.colcon_core.package_identification:_identify(src/pub1a) by extension 'ignore_ament_install'
[0.186s] Level 1:colcon.colcon_core.package_identification:_identify(src/pub1a) by extensions ['colcon_pkg']
[0.186s] Level 1:colcon.colcon_core.package_identification:_identify(src/pub1a) by extension 'colcon_pkg'
[0.186s] Level 1:colcon.colcon_core.package_identification:_identify(src/pub1a) by extensions ['colcon_meta']
[0.186s] Level 1:colcon.colcon_core.package_identification:_identify(src/pub1a) by extension 'colcon_meta'
[0.186s] Level 1:colcon.colcon_core.package_identification:_identify(src/pub1a) by extensions ['ros']
[0.186s] Level 1:colcon.colcon_core.package_identification:_identify(src/pub1a) by extension 'ros'
[0.187s] DEBUG:colcon.colcon_core.package_identification:Package 'src/pub1a' with type 'ros.ament_cmake' and name 'pub1a'
[0.187s] Level 1:colcon.colcon_core.package_discovery:discover_packages(recursive) using defaults
[0.187s] Level 1:colcon.colcon_core.package_discovery:discover_packages(ignore) discover
[0.187s] Level 1:colcon.colcon_core.package_discovery:discover_packages(ignore) using defaults
[0.187s] Level 1:colcon.colcon_core.package_discovery:discover_packages(path) discover
[0.187s] Level 1:colcon.colcon_core.package_discovery:discover_packages(path) using defaults
[0.198s] INFO:colcon.colcon_core.package_selection:Skipping not selected package 'pub1' in 'src/pub1'
[0.198s] INFO:colcon.colcon_core.package_selection:Skipping not selected package 'pub1a' in 'src/pub1a'
[0.198s] Level 5:colcon.colcon_core.verb:set package 'my_package' build argument 'cmake_args' from command line to 'None'
[0.198s] Level 5:colcon.colcon_core.verb:set package 'my_package' build argument 'cmake_target' from command line to 'None'
[0.198s] Level 5:colcon.colcon_core.verb:set package 'my_package' build argument 'cmake_target_skip_unavailable' from command line to 'False'
[0.198s] Level 5:colcon.colcon_core.verb:set package 'my_package' build argument 'cmake_clean_cache' from command line to 'False'
[0.198s] Level 5:colcon.colcon_core.verb:set package 'my_package' build argument 'cmake_clean_first' from command line to 'False'
[0.198s] Level 5:colcon.colcon_core.verb:set package 'my_package' build argument 'cmake_force_configure' from command line to 'False'
[0.198s] Level 5:colcon.colcon_core.verb:set package 'my_package' build argument 'ament_cmake_args' from command line to 'None'
[0.198s] Level 5:colcon.colcon_core.verb:set package 'my_package' build argument 'catkin_cmake_args' from command line to 'None'
[0.198s] Level 5:colcon.colcon_core.verb:set package 'my_package' build argument 'catkin_skip_building_tests' from command line to 'False'
[0.198s] DEBUG:colcon.colcon_core.verb:Building package 'my_package' with the following arguments: {'ament_cmake_args': None, 'build_base': '/home/eogus/ros2_ws/build/my_package', 'catkin_cmake_args': None, 'catkin_skip_building_tests': False, 'cmake_args': None, 'cmake_clean_cache': False, 'cmake_clean_first': False, 'cmake_force_configure': False, 'cmake_target': None, 'cmake_target_skip_unavailable': False, 'install_base': '/home/eogus/ros2_ws/install/my_package', 'merge_install': False, 'path': '/home/eogus/ros2_ws/src/my_package', 'symlink_install': True, 'test_result_base': None}
[0.199s] INFO:colcon.colcon_core.executor:Executing jobs using 'parallel' executor
[0.200s] DEBUG:colcon.colcon_parallel_executor.executor.parallel:run_until_complete
[0.200s] INFO:colcon.colcon_ros.task.ament_cmake.build:Building ROS package in '/home/eogus/ros2_ws/src/my_package' with build type 'ament_cmake'
[0.201s] INFO:colcon.colcon_cmake.task.cmake.build:Building CMake package in '/home/eogus/ros2_ws/src/my_package'
[0.203s] INFO:colcon.colcon_core.plugin_system:Skipping extension 'colcon_core.shell.bat': Not used on non-Windows systems
[0.203s] INFO:colcon.colcon_core.shell:Skip shell extension 'powershell' for command environment: Not usable outside of PowerShell
[0.203s] DEBUG:colcon.colcon_core.shell:Skip shell extension 'dsv' for command environment
[0.216s] DEBUG:colcon.colcon_core.event_handler.log_command:Invoking command in '/home/eogus/ros2_ws/build/my_package': CMAKE_PREFIX_PATH=${CMAKE_PREFIX_PATH}:/opt/ros/foxy /usr/bin/cmake --build /home/eogus/ros2_ws/build/my_package -- -j8 -l8
[1.810s] DEBUG:colcon.colcon_core.event_handler.log_command:Invoked command in '/home/eogus/ros2_ws/build/my_package' returned '0': CMAKE_PREFIX_PATH=${CMAKE_PREFIX_PATH}:/opt/ros/foxy /usr/bin/cmake --build /home/eogus/ros2_ws/build/my_package -- -j8 -l8
[1.831s] DEBUG:colcon.colcon_core.event_handler.log_command:Invoking command in '/home/eogus/ros2_ws/build/my_package': CMAKE_PREFIX_PATH=${CMAKE_PREFIX_PATH}:/opt/ros/foxy /usr/bin/cmake --install /home/eogus/ros2_ws/build/my_package
[1.849s] Level 1:colcon.colcon_core.environment:create_environment_scripts_only(my_package)
[1.853s] Level 1:colcon.colcon_core.environment:checking '/home/eogus/ros2_ws/install/my_package' for CMake module files
[1.853s] DEBUG:colcon.colcon_core.event_handler.log_command:Invoked command in '/home/eogus/ros2_ws/build/my_package' returned '0': CMAKE_PREFIX_PATH=${CMAKE_PREFIX_PATH}:/opt/ros/foxy /usr/bin/cmake --install /home/eogus/ros2_ws/build/my_package
[1.854s] Level 1:colcon.colcon_core.environment:checking '/home/eogus/ros2_ws/install/my_package' for CMake config files
[1.856s] Level 1:colcon.colcon_core.shell:create_environment_hook('my_package', 'cmake_prefix_path')
[1.856s] INFO:colcon.colcon_core.shell:Creating environment hook '/home/eogus/ros2_ws/install/my_package/share/my_package/hook/cmake_prefix_path.ps1'
[1.857s] INFO:colcon.colcon_core.shell:Creating environment descriptor '/home/eogus/ros2_ws/install/my_package/share/my_package/hook/cmake_prefix_path.dsv'
[1.857s] INFO:colcon.colcon_core.shell:Creating environment hook '/home/eogus/ros2_ws/install/my_package/share/my_package/hook/cmake_prefix_path.sh'
[1.859s] Level 1:colcon.colcon_core.environment:checking '/home/eogus/ros2_ws/install/my_package/lib'
[1.859s] Level 1:colcon.colcon_core.environment:checking '/home/eogus/ros2_ws/install/my_package/bin'
[1.859s] Level 1:colcon.colcon_core.environment:checking '/home/eogus/ros2_ws/install/my_package/lib/pkgconfig/my_package.pc'
[1.859s] Level 1:colcon.colcon_core.environment:checking '/home/eogus/ros2_ws/install/my_package/lib/python3.8/site-packages'
[1.860s] Level 1:colcon.colcon_core.environment:checking '/home/eogus/ros2_ws/install/my_package/bin'
[1.860s] INFO:colcon.colcon_core.shell:Creating package script '/home/eogus/ros2_ws/install/my_package/share/my_package/package.ps1'
[1.861s] INFO:colcon.colcon_core.shell:Creating package descriptor '/home/eogus/ros2_ws/install/my_package/share/my_package/package.dsv'
[1.862s] INFO:colcon.colcon_core.shell:Creating package script '/home/eogus/ros2_ws/install/my_package/share/my_package/package.sh'
[1.863s] INFO:colcon.colcon_core.shell:Creating package script '/home/eogus/ros2_ws/install/my_package/share/my_package/package.bash'
[1.863s] INFO:colcon.colcon_core.shell:Creating package script '/home/eogus/ros2_ws/install/my_package/share/my_package/package.zsh'
[1.864s] Level 1:colcon.colcon_core.environment:create_file_with_runtime_dependencies(/home/eogus/ros2_ws/install/my_package/share/colcon-core/packages/my_package)
[1.879s] Level 1:colcon.colcon_core.environment:create_environment_scripts_only(my_package)
[1.880s] Level 1:colcon.colcon_core.environment:checking '/home/eogus/ros2_ws/install/my_package' for CMake module files
[1.881s] Level 1:colcon.colcon_core.environment:checking '/home/eogus/ros2_ws/install/my_package' for CMake config files
[1.883s] Level 1:colcon.colcon_core.shell:create_environment_hook('my_package', 'cmake_prefix_path')
[1.884s] INFO:colcon.colcon_core.shell:Creating environment hook '/home/eogus/ros2_ws/install/my_package/share/my_package/hook/cmake_prefix_path.ps1'
[1.884s] INFO:colcon.colcon_core.shell:Creating environment descriptor '/home/eogus/ros2_ws/install/my_package/share/my_package/hook/cmake_prefix_path.dsv'
[1.885s] INFO:colcon.colcon_core.shell:Creating environment hook '/home/eogus/ros2_ws/install/my_package/share/my_package/hook/cmake_prefix_path.sh'
[1.886s] Level 1:colcon.colcon_core.environment:checking '/home/eogus/ros2_ws/install/my_package/lib'
[1.886s] Level 1:colcon.colcon_core.environment:checking '/home/eogus/ros2_ws/install/my_package/bin'
[1.886s] Level 1:colcon.colcon_core.environment:checking '/home/eogus/ros2_ws/install/my_package/lib/pkgconfig/my_package.pc'
[1.886s] Level 1:colcon.colcon_core.environment:checking '/home/eogus/ros2_ws/install/my_package/lib/python3.8/site-packages'
[1.886s] Level 1:colcon.colcon_core.environment:checking '/home/eogus/ros2_ws/install/my_package/bin'
[1.887s] INFO:colcon.colcon_core.shell:Creating package script '/home/eogus/ros2_ws/install/my_package/share/my_package/package.ps1'
[1.887s] INFO:colcon.colcon_core.shell:Creating package descriptor '/home/eogus/ros2_ws/install/my_package/share/my_package/package.dsv'
[1.888s] INFO:colcon.colcon_core.shell:Creating package script '/home/eogus/ros2_ws/install/my_package/share/my_package/package.sh'
[1.888s] INFO:colcon.colcon_core.shell:Creating package script '/home/eogus/ros2_ws/install/my_package/share/my_package/package.bash'
[1.888s] INFO:colcon.colcon_core.shell:Creating package script '/home/eogus/ros2_ws/install/my_package/share/my_package/package.zsh'
[1.889s] Level 1:colcon.colcon_core.environment:create_file_with_runtime_dependencies(/home/eogus/ros2_ws/install/my_package/share/colcon-core/packages/my_package)
[1.889s] DEBUG:colcon.colcon_parallel_executor.executor.parallel:closing loop
[1.889s] DEBUG:colcon.colcon_parallel_executor.executor.parallel:loop closed
[1.890s] DEBUG:colcon.colcon_parallel_executor.executor.parallel:run_until_complete finished with '0'
[1.890s] DEBUG:colcon.colcon_core.event_reactor:joining thread
[1.894s] INFO:colcon.colcon_core.plugin_system:Skipping extension 'colcon_notification.desktop_notification.notify_send': Could not find 'notify-send'
[1.894s] INFO:colcon.colcon_core.plugin_system:Skipping extension 'colcon_notification.desktop_notification.terminal_notifier': Not used on non-Darwin systems
[1.894s] INFO:colcon.colcon_core.plugin_system:Skipping extension 'colcon_notification.desktop_notification.win32': Not used on non-Windows systems
[1.894s] INFO:colcon.colcon_notification.desktop_notification:Sending desktop notification using 'notify2'
[1.904s] DEBUG:colcon.colcon_notification.desktop_notification.notify2:Failed to initialize notify2: org.freedesktop.DBus.Error.ServiceUnknown: The name org.freedesktop.Notifications was not provided by any .service files
[1.905s] DEBUG:colcon.colcon_core.event_reactor:joined thread
[1.906s] INFO:colcon.colcon_core.shell:Creating prefix script '/home/eogus/ros2_ws/install/local_setup.ps1'
[1.907s] INFO:colcon.colcon_core.shell:Creating prefix util module '/home/eogus/ros2_ws/install/_local_setup_util_ps1.py'
[1.908s] INFO:colcon.colcon_core.shell:Creating prefix chain script '/home/eogus/ros2_ws/install/setup.ps1'
[1.910s] INFO:colcon.colcon_core.shell:Creating prefix script '/home/eogus/ros2_ws/install/local_setup.sh'
[1.911s] INFO:colcon.colcon_core.shell:Creating prefix util module '/home/eogus/ros2_ws/install/_local_setup_util_sh.py'
[1.911s] INFO:colcon.colcon_core.shell:Creating prefix chain script '/home/eogus/ros2_ws/install/setup.sh'
[1.912s] INFO:colcon.colcon_core.shell:Creating prefix script '/home/eogus/ros2_ws/install/local_setup.bash'
[1.913s] INFO:colcon.colcon_core.shell:Creating prefix chain script '/home/eogus/ros2_ws/install/setup.bash'
[1.914s] INFO:colcon.colcon_core.shell:Creating prefix script '/home/eogus/ros2_ws/install/local_setup.zsh'
[1.914s] INFO:colcon.colcon_core.shell:Creating prefix chain script '/home/eogus/ros2_ws/install/setup.zsh'
