[0.148s] DEBUG:colcon:Command line arguments: ['/usr/bin/colcon', 'build', '--symlink-install', '--packages-select', 'pub2b']
[0.148s] DEBUG:colcon:Parsed command line arguments: Namespace(ament_cmake_args=None, base_paths=['.'], build_base='build', catkin_cmake_args=None, catkin_skip_building_tests=False, cmake_args=None, cmake_clean_cache=False, cmake_clean_first=False, cmake_force_configure=False, cmake_target=None, cmake_target_skip_unavailable=False, continue_on_error=False, event_handlers=None, executor='parallel', ignore_user_meta=False, install_base='install', log_base=None, log_level=None, main=<bound method BuildVerb.main of <colcon_core.verb.build.BuildVerb object at 0xffffb2c28610>>, merge_install=False, metas=['./colcon.meta'], mixin=None, mixin_files=None, mixin_verb=('build',), packages_above=None, packages_above_and_dependencies=None, packages_above_depth=None, packages_end=None, packages_ignore=None, packages_ignore_regex=None, packages_select=['pub2b'], packages_select_build_failed=False, packages_select_by_dep=None, packages_select_regex=None, packages_select_test_failures=False, packages_skip=None, packages_skip_build_finished=False, packages_skip_by_dep=None, packages_skip_regex=None, packages_skip_test_passed=False, packages_skip_up_to=None, packages_start=None, packages_up_to=None, packages_up_to_regex=None, parallel_workers=8, paths=None, symlink_install=True, test_result_base=None, verb_extension=<colcon_core.verb.build.BuildVerb object at 0xffffb2c28610>, verb_name='build', verb_parser=<colcon_mixin.mixin.mixin_argument.MixinArgumentDecorator object at 0xffffb2c28c70>)
[0.165s] Level 1:colcon.colcon_core.package_discovery:discover_packages(colcon_meta) check parameters
[0.165s] Level 1:colcon.colcon_core.package_discovery:discover_packages(recursive) check parameters
[0.165s] Level 1:colcon.colcon_core.package_discovery:discover_packages(ignore) check parameters
[0.165s] Level 1:colcon.colcon_core.package_discovery:discover_packages(path) check parameters
[0.165s] Level 1:colcon.colcon_core.package_discovery:discover_packages(colcon_meta) discover
[0.166s] Level 1:colcon.colcon_core.package_discovery:discover_packages(recursive) discover
[0.166s] INFO:colcon.colcon_core.package_discovery:Crawling recursively for packages in '/home/eogus/ros2_ws'
[0.167s] Level 1:colcon.colcon_core.package_identification:_identify(.) by extensions ['ignore', 'ignore_ament_install']
[0.167s] Level 1:colcon.colcon_core.package_identification:_identify(.) by extension 'ignore'
[0.167s] Level 1:colcon.colcon_core.package_identification:_identify(.) by extension 'ignore_ament_install'
[0.167s] Level 1:colcon.colcon_core.package_identification:_identify(.) by extensions ['colcon_pkg']
[0.167s] Level 1:colcon.colcon_core.package_identification:_identify(.) by extension 'colcon_pkg'
[0.167s] Level 1:colcon.colcon_core.package_identification:_identify(.) by extensions ['colcon_meta']
[0.167s] Level 1:colcon.colcon_core.package_identification:_identify(.) by extension 'colcon_meta'
[0.167s] Level 1:colcon.colcon_core.package_identification:_identify(.) by extensions ['ros']
[0.167s] Level 1:colcon.colcon_core.package_identification:_identify(.) by extension 'ros'
[0.180s] Level 1:colcon.colcon_core.package_identification:_identify(.) by extensions ['cmake', 'python']
[0.180s] Level 1:colcon.colcon_core.package_identification:_identify(.) by extension 'cmake'
[0.180s] Level 1:colcon.colcon_core.package_identification:_identify(.) by extension 'python'
[0.180s] Level 1:colcon.colcon_core.package_identification:_identify(.) by extensions ['python_setup_py']
[0.180s] Level 1:colcon.colcon_core.package_identification:_identify(.) by extension 'python_setup_py'
[0.181s] Level 1:colcon.colcon_core.package_identification:_identify(build) by extensions ['ignore', 'ignore_ament_install']
[0.181s] Level 1:colcon.colcon_core.package_identification:_identify(build) by extension 'ignore'
[0.181s] Level 1:colcon.colcon_core.package_identification:_identify(build) ignored
[0.181s] Level 1:colcon.colcon_core.package_identification:_identify(install) by extensions ['ignore', 'ignore_ament_install']
[0.182s] Level 1:colcon.colcon_core.package_identification:_identify(install) by extension 'ignore'
[0.182s] Level 1:colcon.colcon_core.package_identification:_identify(install) ignored
[0.182s] Level 1:colcon.colcon_core.package_identification:_identify(log) by extensions ['ignore', 'ignore_ament_install']
[0.182s] Level 1:colcon.colcon_core.package_identification:_identify(log) by extension 'ignore'
[0.182s] Level 1:colcon.colcon_core.package_identification:_identify(log) ignored
[0.183s] Level 1:colcon.colcon_core.package_identification:_identify(src) by extensions ['ignore', 'ignore_ament_install']
[0.183s] Level 1:colcon.colcon_core.package_identification:_identify(src) by extension 'ignore'
[0.183s] Level 1:colcon.colcon_core.package_identification:_identify(src) by extension 'ignore_ament_install'
[0.183s] Level 1:colcon.colcon_core.package_identification:_identify(src) by extensions ['colcon_pkg']
[0.183s] Level 1:colcon.colcon_core.package_identification:_identify(src) by extension 'colcon_pkg'
[0.183s] Level 1:colcon.colcon_core.package_identification:_identify(src) by extensions ['colcon_meta']
[0.183s] Level 1:colcon.colcon_core.package_identification:_identify(src) by extension 'colcon_meta'
[0.183s] Level 1:colcon.colcon_core.package_identification:_identify(src) by extensions ['ros']
[0.183s] Level 1:colcon.colcon_core.package_identification:_identify(src) by extension 'ros'
[0.184s] Level 1:colcon.colcon_core.package_identification:_identify(src) by extensions ['cmake', 'python']
[0.184s] Level 1:colcon.colcon_core.package_identification:_identify(src) by extension 'cmake'
[0.184s] Level 1:colcon.colcon_core.package_identification:_identify(src) by extension 'python'
[0.184s] Level 1:colcon.colcon_core.package_identification:_identify(src) by extensions ['python_setup_py']
[0.184s] Level 1:colcon.colcon_core.package_identification:_identify(src) by extension 'python_setup_py'
[0.184s] Level 1:colcon.colcon_core.package_identification:_identify(src/my_package) by extensions ['ignore', 'ignore_ament_install']
[0.184s] Level 1:colcon.colcon_core.package_identification:_identify(src/my_package) by extension 'ignore'
[0.185s] Level 1:colcon.colcon_core.package_identification:_identify(src/my_package) by extension 'ignore_ament_install'
[0.185s] Level 1:colcon.colcon_core.package_identification:_identify(src/my_package) by extensions ['colcon_pkg']
[0.185s] Level 1:colcon.colcon_core.package_identification:_identify(src/my_package) by extension 'colcon_pkg'
[0.185s] Level 1:colcon.colcon_core.package_identification:_identify(src/my_package) by extensions ['colcon_meta']
[0.185s] Level 1:colcon.colcon_core.package_identification:_identify(src/my_package) by extension 'colcon_meta'
[0.185s] Level 1:colcon.colcon_core.package_identification:_identify(src/my_package) by extensions ['ros']
[0.185s] Level 1:colcon.colcon_core.package_identification:_identify(src/my_package) by extension 'ros'
[0.187s] DEBUG:colcon.colcon_core.package_identification:Package 'src/my_package' with type 'ros.ament_cmake' and name 'my_package'
[0.187s] Level 1:colcon.colcon_core.package_identification:_identify(src/pub1) by extensions ['ignore', 'ignore_ament_install']
[0.187s] Level 1:colcon.colcon_core.package_identification:_identify(src/pub1) by extension 'ignore'
[0.187s] Level 1:colcon.colcon_core.package_identification:_identify(src/pub1) by extension 'ignore_ament_install'
[0.187s] Level 1:colcon.colcon_core.package_identification:_identify(src/pub1) by extensions ['colcon_pkg']
[0.187s] Level 1:colcon.colcon_core.package_identification:_identify(src/pub1) by extension 'colcon_pkg'
[0.187s] Level 1:colcon.colcon_core.package_identification:_identify(src/pub1) by extensions ['colcon_meta']
[0.188s] Level 1:colcon.colcon_core.package_identification:_identify(src/pub1) by extension 'colcon_meta'
[0.188s] Level 1:colcon.colcon_core.package_identification:_identify(src/pub1) by extensions ['ros']
[0.188s] Level 1:colcon.colcon_core.package_identification:_identify(src/pub1) by extension 'ros'
[0.188s] DEBUG:colcon.colcon_core.package_identification:Package 'src/pub1' with type 'ros.ament_cmake' and name 'pub1'
[0.189s] Level 1:colcon.colcon_core.package_identification:_identify(src/pub1a) by extensions ['ignore', 'ignore_ament_install']
[0.189s] Level 1:colcon.colcon_core.package_identification:_identify(src/pub1a) by extension 'ignore'
[0.189s] Level 1:colcon.colcon_core.package_identification:_identify(src/pub1a) by extension 'ignore_ament_install'
[0.189s] Level 1:colcon.colcon_core.package_identification:_identify(src/pub1a) by extensions ['colcon_pkg']
[0.189s] Level 1:colcon.colcon_core.package_identification:_identify(src/pub1a) by extension 'colcon_pkg'
[0.189s] Level 1:colcon.colcon_core.package_identification:_identify(src/pub1a) by extensions ['colcon_meta']
[0.189s] Level 1:colcon.colcon_core.package_identification:_identify(src/pub1a) by extension 'colcon_meta'
[0.189s] Level 1:colcon.colcon_core.package_identification:_identify(src/pub1a) by extensions ['ros']
[0.189s] Level 1:colcon.colcon_core.package_identification:_identify(src/pub1a) by extension 'ros'
[0.190s] DEBUG:colcon.colcon_core.package_identification:Package 'src/pub1a' with type 'ros.ament_cmake' and name 'pub1a'
[0.191s] Level 1:colcon.colcon_core.package_identification:_identify(src/pub1b) by extensions ['ignore', 'ignore_ament_install']
[0.191s] Level 1:colcon.colcon_core.package_identification:_identify(src/pub1b) by extension 'ignore'
[0.191s] Level 1:colcon.colcon_core.package_identification:_identify(src/pub1b) by extension 'ignore_ament_install'
[0.191s] Level 1:colcon.colcon_core.package_identification:_identify(src/pub1b) by extensions ['colcon_pkg']
[0.191s] Level 1:colcon.colcon_core.package_identification:_identify(src/pub1b) by extension 'colcon_pkg'
[0.191s] Level 1:colcon.colcon_core.package_identification:_identify(src/pub1b) by extensions ['colcon_meta']
[0.191s] Level 1:colcon.colcon_core.package_identification:_identify(src/pub1b) by extension 'colcon_meta'
[0.191s] Level 1:colcon.colcon_core.package_identification:_identify(src/pub1b) by extensions ['ros']
[0.191s] Level 1:colcon.colcon_core.package_identification:_identify(src/pub1b) by extension 'ros'
[0.192s] DEBUG:colcon.colcon_core.package_identification:Package 'src/pub1b' with type 'ros.ament_cmake' and name 'pub1b'
[0.192s] Level 1:colcon.colcon_core.package_identification:_identify(src/pub2) by extensions ['ignore', 'ignore_ament_install']
[0.192s] Level 1:colcon.colcon_core.package_identification:_identify(src/pub2) by extension 'ignore'
[0.192s] Level 1:colcon.colcon_core.package_identification:_identify(src/pub2) by extension 'ignore_ament_install'
[0.192s] Level 1:colcon.colcon_core.package_identification:_identify(src/pub2) by extensions ['colcon_pkg']
[0.193s] Level 1:colcon.colcon_core.package_identification:_identify(src/pub2) by extension 'colcon_pkg'
[0.193s] Level 1:colcon.colcon_core.package_identification:_identify(src/pub2) by extensions ['colcon_meta']
[0.193s] Level 1:colcon.colcon_core.package_identification:_identify(src/pub2) by extension 'colcon_meta'
[0.193s] Level 1:colcon.colcon_core.package_identification:_identify(src/pub2) by extensions ['ros']
[0.193s] Level 1:colcon.colcon_core.package_identification:_identify(src/pub2) by extension 'ros'
[0.193s] DEBUG:colcon.colcon_core.package_identification:Package 'src/pub2' with type 'ros.ament_cmake' and name 'pub2'
[0.194s] Level 1:colcon.colcon_core.package_identification:_identify(src/pub2a) by extensions ['ignore', 'ignore_ament_install']
[0.194s] Level 1:colcon.colcon_core.package_identification:_identify(src/pub2a) by extension 'ignore'
[0.194s] Level 1:colcon.colcon_core.package_identification:_identify(src/pub2a) by extension 'ignore_ament_install'
[0.194s] Level 1:colcon.colcon_core.package_identification:_identify(src/pub2a) by extensions ['colcon_pkg']
[0.194s] Level 1:colcon.colcon_core.package_identification:_identify(src/pub2a) by extension 'colcon_pkg'
[0.194s] Level 1:colcon.colcon_core.package_identification:_identify(src/pub2a) by extensions ['colcon_meta']
[0.194s] Level 1:colcon.colcon_core.package_identification:_identify(src/pub2a) by extension 'colcon_meta'
[0.194s] Level 1:colcon.colcon_core.package_identification:_identify(src/pub2a) by extensions ['ros']
[0.194s] Level 1:colcon.colcon_core.package_identification:_identify(src/pub2a) by extension 'ros'
[0.195s] DEBUG:colcon.colcon_core.package_identification:Package 'src/pub2a' with type 'ros.ament_cmake' and name 'pub2a'
[0.195s] Level 1:colcon.colcon_core.package_identification:_identify(src/pub2b) by extensions ['ignore', 'ignore_ament_install']
[0.195s] Level 1:colcon.colcon_core.package_identification:_identify(src/pub2b) by extension 'ignore'
[0.195s] Level 1:colcon.colcon_core.package_identification:_identify(src/pub2b) by extension 'ignore_ament_install'
[0.195s] Level 1:colcon.colcon_core.package_identification:_identify(src/pub2b) by extensions ['colcon_pkg']
[0.195s] Level 1:colcon.colcon_core.package_identification:_identify(src/pub2b) by extension 'colcon_pkg'
[0.195s] Level 1:colcon.colcon_core.package_identification:_identify(src/pub2b) by extensions ['colcon_meta']
[0.195s] Level 1:colcon.colcon_core.package_identification:_identify(src/pub2b) by extension 'colcon_meta'
[0.195s] Level 1:colcon.colcon_core.package_identification:_identify(src/pub2b) by extensions ['ros']
[0.195s] Level 1:colcon.colcon_core.package_identification:_identify(src/pub2b) by extension 'ros'
[0.196s] DEBUG:colcon.colcon_core.package_identification:Package 'src/pub2b' with type 'ros.ament_cmake' and name 'pub2b'
[0.196s] Level 1:colcon.colcon_core.package_discovery:discover_packages(recursive) using defaults
[0.196s] Level 1:colcon.colcon_core.package_discovery:discover_packages(ignore) discover
[0.196s] Level 1:colcon.colcon_core.package_discovery:discover_packages(ignore) using defaults
[0.196s] Level 1:colcon.colcon_core.package_discovery:discover_packages(path) discover
[0.196s] Level 1:colcon.colcon_core.package_discovery:discover_packages(path) using defaults
[0.208s] INFO:colcon.colcon_core.package_selection:Skipping not selected package 'my_package' in 'src/my_package'
[0.208s] INFO:colcon.colcon_core.package_selection:Skipping not selected package 'pub1' in 'src/pub1'
[0.208s] INFO:colcon.colcon_core.package_selection:Skipping not selected package 'pub1a' in 'src/pub1a'
[0.208s] INFO:colcon.colcon_core.package_selection:Skipping not selected package 'pub1b' in 'src/pub1b'
[0.208s] INFO:colcon.colcon_core.package_selection:Skipping not selected package 'pub2' in 'src/pub2'
[0.208s] INFO:colcon.colcon_core.package_selection:Skipping not selected package 'pub2a' in 'src/pub2a'
[0.209s] Level 5:colcon.colcon_core.verb:set package 'pub2b' build argument 'cmake_args' from command line to 'None'
[0.209s] Level 5:colcon.colcon_core.verb:set package 'pub2b' build argument 'cmake_target' from command line to 'None'
[0.209s] Level 5:colcon.colcon_core.verb:set package 'pub2b' build argument 'cmake_target_skip_unavailable' from command line to 'False'
[0.209s] Level 5:colcon.colcon_core.verb:set package 'pub2b' build argument 'cmake_clean_cache' from command line to 'False'
[0.209s] Level 5:colcon.colcon_core.verb:set package 'pub2b' build argument 'cmake_clean_first' from command line to 'False'
[0.209s] Level 5:colcon.colcon_core.verb:set package 'pub2b' build argument 'cmake_force_configure' from command line to 'False'
[0.209s] Level 5:colcon.colcon_core.verb:set package 'pub2b' build argument 'ament_cmake_args' from command line to 'None'
[0.209s] Level 5:colcon.colcon_core.verb:set package 'pub2b' build argument 'catkin_cmake_args' from command line to 'None'
[0.209s] Level 5:colcon.colcon_core.verb:set package 'pub2b' build argument 'catkin_skip_building_tests' from command line to 'False'
[0.209s] DEBUG:colcon.colcon_core.verb:Building package 'pub2b' with the following arguments: {'ament_cmake_args': None, 'build_base': '/home/eogus/ros2_ws/build/pub2b', 'catkin_cmake_args': None, 'catkin_skip_building_tests': False, 'cmake_args': None, 'cmake_clean_cache': False, 'cmake_clean_first': False, 'cmake_force_configure': False, 'cmake_target': None, 'cmake_target_skip_unavailable': False, 'install_base': '/home/eogus/ros2_ws/install/pub2b', 'merge_install': False, 'path': '/home/eogus/ros2_ws/src/pub2b', 'symlink_install': True, 'test_result_base': None}
[0.210s] INFO:colcon.colcon_core.executor:Executing jobs using 'parallel' executor
[0.211s] DEBUG:colcon.colcon_parallel_executor.executor.parallel:run_until_complete
[0.212s] INFO:colcon.colcon_ros.task.ament_cmake.build:Building ROS package in '/home/eogus/ros2_ws/src/pub2b' with build type 'ament_cmake'
[0.212s] INFO:colcon.colcon_cmake.task.cmake.build:Building CMake package in '/home/eogus/ros2_ws/src/pub2b'
[0.214s] INFO:colcon.colcon_core.plugin_system:Skipping extension 'colcon_core.shell.bat': Not used on non-Windows systems
[0.214s] INFO:colcon.colcon_core.shell:Skip shell extension 'powershell' for command environment: Not usable outside of PowerShell
[0.214s] DEBUG:colcon.colcon_core.shell:Skip shell extension 'dsv' for command environment
[0.234s] DEBUG:colcon.colcon_core.event_handler.log_command:Invoking command in '/home/eogus/ros2_ws/build/pub2b': CMAKE_PREFIX_PATH=${CMAKE_PREFIX_PATH}:/opt/ros/foxy /usr/bin/cmake /home/eogus/ros2_ws/src/pub2b -DAMENT_CMAKE_SYMLINK_INSTALL=1 -DCMAKE_INSTALL_PREFIX=/home/eogus/ros2_ws/install/pub2b
[1.897s] DEBUG:colcon.colcon_core.event_handler.log_command:Invoked command in '/home/eogus/ros2_ws/build/pub2b' returned '0': CMAKE_PREFIX_PATH=${CMAKE_PREFIX_PATH}:/opt/ros/foxy /usr/bin/cmake /home/eogus/ros2_ws/src/pub2b -DAMENT_CMAKE_SYMLINK_INSTALL=1 -DCMAKE_INSTALL_PREFIX=/home/eogus/ros2_ws/install/pub2b
[1.900s] DEBUG:colcon.colcon_core.event_handler.log_command:Invoking command in '/home/eogus/ros2_ws/build/pub2b': CMAKE_PREFIX_PATH=${CMAKE_PREFIX_PATH}:/opt/ros/foxy /usr/bin/cmake --build /home/eogus/ros2_ws/build/pub2b -- -j8 -l8
[3.691s] DEBUG:colcon.colcon_core.event_handler.log_command:Invoked command in '/home/eogus/ros2_ws/build/pub2b' returned '0': CMAKE_PREFIX_PATH=${CMAKE_PREFIX_PATH}:/opt/ros/foxy /usr/bin/cmake --build /home/eogus/ros2_ws/build/pub2b -- -j8 -l8
[3.715s] DEBUG:colcon.colcon_core.event_handler.log_command:Invoking command in '/home/eogus/ros2_ws/build/pub2b': CMAKE_PREFIX_PATH=${CMAKE_PREFIX_PATH}:/opt/ros/foxy /usr/bin/cmake --install /home/eogus/ros2_ws/build/pub2b
[3.819s] Level 1:colcon.colcon_core.environment:create_environment_scripts_only(pub2b)
[3.820s] DEBUG:colcon.colcon_core.event_handler.log_command:Invoked command in '/home/eogus/ros2_ws/build/pub2b' returned '0': CMAKE_PREFIX_PATH=${CMAKE_PREFIX_PATH}:/opt/ros/foxy /usr/bin/cmake --install /home/eogus/ros2_ws/build/pub2b
[3.823s] Level 1:colcon.colcon_core.environment:checking '/home/eogus/ros2_ws/install/pub2b' for CMake module files
[3.825s] Level 1:colcon.colcon_core.environment:checking '/home/eogus/ros2_ws/install/pub2b' for CMake config files
[3.826s] Level 1:colcon.colcon_core.shell:create_environment_hook('pub2b', 'cmake_prefix_path')
[3.827s] INFO:colcon.colcon_core.shell:Creating environment hook '/home/eogus/ros2_ws/install/pub2b/share/pub2b/hook/cmake_prefix_path.ps1'
[3.828s] INFO:colcon.colcon_core.shell:Creating environment descriptor '/home/eogus/ros2_ws/install/pub2b/share/pub2b/hook/cmake_prefix_path.dsv'
[3.829s] INFO:colcon.colcon_core.shell:Creating environment hook '/home/eogus/ros2_ws/install/pub2b/share/pub2b/hook/cmake_prefix_path.sh'
[3.830s] Level 1:colcon.colcon_core.environment:checking '/home/eogus/ros2_ws/install/pub2b/lib'
[3.830s] Level 1:colcon.colcon_core.environment:checking '/home/eogus/ros2_ws/install/pub2b/bin'
[3.831s] Level 1:colcon.colcon_core.environment:checking '/home/eogus/ros2_ws/install/pub2b/lib/pkgconfig/pub2b.pc'
[3.831s] Level 1:colcon.colcon_core.environment:checking '/home/eogus/ros2_ws/install/pub2b/lib/python3.8/site-packages'
[3.831s] Level 1:colcon.colcon_core.environment:checking '/home/eogus/ros2_ws/install/pub2b/bin'
[3.832s] INFO:colcon.colcon_core.shell:Creating package script '/home/eogus/ros2_ws/install/pub2b/share/pub2b/package.ps1'
[3.833s] INFO:colcon.colcon_core.shell:Creating package descriptor '/home/eogus/ros2_ws/install/pub2b/share/pub2b/package.dsv'
[3.834s] INFO:colcon.colcon_core.shell:Creating package script '/home/eogus/ros2_ws/install/pub2b/share/pub2b/package.sh'
[3.835s] INFO:colcon.colcon_core.shell:Creating package script '/home/eogus/ros2_ws/install/pub2b/share/pub2b/package.bash'
[3.835s] INFO:colcon.colcon_core.shell:Creating package script '/home/eogus/ros2_ws/install/pub2b/share/pub2b/package.zsh'
[3.836s] Level 1:colcon.colcon_core.environment:create_file_with_runtime_dependencies(/home/eogus/ros2_ws/install/pub2b/share/colcon-core/packages/pub2b)
[3.853s] Level 1:colcon.colcon_core.environment:create_environment_scripts_only(pub2b)
[3.854s] Level 1:colcon.colcon_core.environment:checking '/home/eogus/ros2_ws/install/pub2b' for CMake module files
[3.856s] Level 1:colcon.colcon_core.environment:checking '/home/eogus/ros2_ws/install/pub2b' for CMake config files
[3.857s] Level 1:colcon.colcon_core.shell:create_environment_hook('pub2b', 'cmake_prefix_path')
[3.858s] INFO:colcon.colcon_core.shell:Creating environment hook '/home/eogus/ros2_ws/install/pub2b/share/pub2b/hook/cmake_prefix_path.ps1'
[3.858s] INFO:colcon.colcon_core.shell:Creating environment descriptor '/home/eogus/ros2_ws/install/pub2b/share/pub2b/hook/cmake_prefix_path.dsv'
[3.859s] INFO:colcon.colcon_core.shell:Creating environment hook '/home/eogus/ros2_ws/install/pub2b/share/pub2b/hook/cmake_prefix_path.sh'
[3.860s] Level 1:colcon.colcon_core.environment:checking '/home/eogus/ros2_ws/install/pub2b/lib'
[3.860s] Level 1:colcon.colcon_core.environment:checking '/home/eogus/ros2_ws/install/pub2b/bin'
[3.860s] Level 1:colcon.colcon_core.environment:checking '/home/eogus/ros2_ws/install/pub2b/lib/pkgconfig/pub2b.pc'
[3.860s] Level 1:colcon.colcon_core.environment:checking '/home/eogus/ros2_ws/install/pub2b/lib/python3.8/site-packages'
[3.860s] Level 1:colcon.colcon_core.environment:checking '/home/eogus/ros2_ws/install/pub2b/bin'
[3.861s] INFO:colcon.colcon_core.shell:Creating package script '/home/eogus/ros2_ws/install/pub2b/share/pub2b/package.ps1'
[3.862s] INFO:colcon.colcon_core.shell:Creating package descriptor '/home/eogus/ros2_ws/install/pub2b/share/pub2b/package.dsv'
[3.862s] INFO:colcon.colcon_core.shell:Creating package script '/home/eogus/ros2_ws/install/pub2b/share/pub2b/package.sh'
[3.863s] INFO:colcon.colcon_core.shell:Creating package script '/home/eogus/ros2_ws/install/pub2b/share/pub2b/package.bash'
[3.863s] INFO:colcon.colcon_core.shell:Creating package script '/home/eogus/ros2_ws/install/pub2b/share/pub2b/package.zsh'
[3.864s] Level 1:colcon.colcon_core.environment:create_file_with_runtime_dependencies(/home/eogus/ros2_ws/install/pub2b/share/colcon-core/packages/pub2b)
[3.864s] DEBUG:colcon.colcon_parallel_executor.executor.parallel:closing loop
[3.865s] DEBUG:colcon.colcon_parallel_executor.executor.parallel:loop closed
[3.865s] DEBUG:colcon.colcon_parallel_executor.executor.parallel:run_until_complete finished with '0'
[3.865s] DEBUG:colcon.colcon_core.event_reactor:joining thread
[3.870s] INFO:colcon.colcon_core.plugin_system:Skipping extension 'colcon_notification.desktop_notification.notify_send': Could not find 'notify-send'
[3.870s] INFO:colcon.colcon_core.plugin_system:Skipping extension 'colcon_notification.desktop_notification.terminal_notifier': Not used on non-Darwin systems
[3.870s] INFO:colcon.colcon_core.plugin_system:Skipping extension 'colcon_notification.desktop_notification.win32': Not used on non-Windows systems
[3.870s] INFO:colcon.colcon_notification.desktop_notification:Sending desktop notification using 'notify2'
[3.878s] DEBUG:colcon.colcon_notification.desktop_notification.notify2:Failed to initialize notify2: org.freedesktop.DBus.Error.ServiceUnknown: The name org.freedesktop.Notifications was not provided by any .service files
[3.879s] DEBUG:colcon.colcon_core.event_reactor:joined thread
[3.880s] INFO:colcon.colcon_core.shell:Creating prefix script '/home/eogus/ros2_ws/install/local_setup.ps1'
[3.881s] INFO:colcon.colcon_core.shell:Creating prefix util module '/home/eogus/ros2_ws/install/_local_setup_util_ps1.py'
[3.883s] INFO:colcon.colcon_core.shell:Creating prefix chain script '/home/eogus/ros2_ws/install/setup.ps1'
[3.886s] INFO:colcon.colcon_core.shell:Creating prefix script '/home/eogus/ros2_ws/install/local_setup.sh'
[3.886s] INFO:colcon.colcon_core.shell:Creating prefix util module '/home/eogus/ros2_ws/install/_local_setup_util_sh.py'
[3.887s] INFO:colcon.colcon_core.shell:Creating prefix chain script '/home/eogus/ros2_ws/install/setup.sh'
[3.889s] INFO:colcon.colcon_core.shell:Creating prefix script '/home/eogus/ros2_ws/install/local_setup.bash'
[3.890s] INFO:colcon.colcon_core.shell:Creating prefix chain script '/home/eogus/ros2_ws/install/setup.bash'
[3.892s] INFO:colcon.colcon_core.shell:Creating prefix script '/home/eogus/ros2_ws/install/local_setup.zsh'
[3.893s] INFO:colcon.colcon_core.shell:Creating prefix chain script '/home/eogus/ros2_ws/install/setup.zsh'
