[0.155s] DEBUG:colcon:Command line arguments: ['/usr/bin/colcon', 'build', '--symlink-install', '--packages-select', 'psub1a']
[0.155s] DEBUG:colcon:Parsed command line arguments: Namespace(ament_cmake_args=None, base_paths=['.'], build_base='build', catkin_cmake_args=None, catkin_skip_building_tests=False, cmake_args=None, cmake_clean_cache=False, cmake_clean_first=False, cmake_force_configure=False, cmake_target=None, cmake_target_skip_unavailable=False, continue_on_error=False, event_handlers=None, executor='parallel', ignore_user_meta=False, install_base='install', log_base=None, log_level=None, main=<bound method BuildVerb.main of <colcon_core.verb.build.BuildVerb object at 0xffffbc69ebe0>>, merge_install=False, metas=['./colcon.meta'], mixin=None, mixin_files=None, mixin_verb=('build',), packages_above=None, packages_above_and_dependencies=None, packages_above_depth=None, packages_end=None, packages_ignore=None, packages_ignore_regex=None, packages_select=['psub1a'], packages_select_build_failed=False, packages_select_by_dep=None, packages_select_regex=None, packages_select_test_failures=False, packages_skip=None, packages_skip_build_finished=False, packages_skip_by_dep=None, packages_skip_regex=None, packages_skip_test_passed=False, packages_skip_up_to=None, packages_start=None, packages_up_to=None, packages_up_to_regex=None, parallel_workers=8, paths=None, symlink_install=True, test_result_base=None, verb_extension=<colcon_core.verb.build.BuildVerb object at 0xffffbc69ebe0>, verb_name='build', verb_parser=<colcon_mixin.mixin.mixin_argument.MixinArgumentDecorator object at 0xffffbc6aa1f0>)
[0.169s] Level 1:colcon.colcon_core.package_discovery:discover_packages(colcon_meta) check parameters
[0.169s] Level 1:colcon.colcon_core.package_discovery:discover_packages(recursive) check parameters
[0.169s] Level 1:colcon.colcon_core.package_discovery:discover_packages(ignore) check parameters
[0.169s] Level 1:colcon.colcon_core.package_discovery:discover_packages(path) check parameters
[0.169s] Level 1:colcon.colcon_core.package_discovery:discover_packages(colcon_meta) discover
[0.169s] Level 1:colcon.colcon_core.package_discovery:discover_packages(recursive) discover
[0.169s] INFO:colcon.colcon_core.package_discovery:Crawling recursively for packages in '/home/eogus/ros2_ws'
[0.169s] Level 1:colcon.colcon_core.package_identification:_identify(.) by extensions ['ignore', 'ignore_ament_install']
[0.169s] Level 1:colcon.colcon_core.package_identification:_identify(.) by extension 'ignore'
[0.169s] Level 1:colcon.colcon_core.package_identification:_identify(.) by extension 'ignore_ament_install'
[0.170s] Level 1:colcon.colcon_core.package_identification:_identify(.) by extensions ['colcon_pkg']
[0.170s] Level 1:colcon.colcon_core.package_identification:_identify(.) by extension 'colcon_pkg'
[0.170s] Level 1:colcon.colcon_core.package_identification:_identify(.) by extensions ['colcon_meta']
[0.170s] Level 1:colcon.colcon_core.package_identification:_identify(.) by extension 'colcon_meta'
[0.170s] Level 1:colcon.colcon_core.package_identification:_identify(.) by extensions ['ros']
[0.170s] Level 1:colcon.colcon_core.package_identification:_identify(.) by extension 'ros'
[0.181s] Level 1:colcon.colcon_core.package_identification:_identify(.) by extensions ['cmake', 'python']
[0.181s] Level 1:colcon.colcon_core.package_identification:_identify(.) by extension 'cmake'
[0.181s] Level 1:colcon.colcon_core.package_identification:_identify(.) by extension 'python'
[0.181s] Level 1:colcon.colcon_core.package_identification:_identify(.) by extensions ['python_setup_py']
[0.181s] Level 1:colcon.colcon_core.package_identification:_identify(.) by extension 'python_setup_py'
[0.181s] Level 1:colcon.colcon_core.package_identification:_identify(build) by extensions ['ignore', 'ignore_ament_install']
[0.181s] Level 1:colcon.colcon_core.package_identification:_identify(build) by extension 'ignore'
[0.181s] Level 1:colcon.colcon_core.package_identification:_identify(build) ignored
[0.182s] Level 1:colcon.colcon_core.package_identification:_identify(install) by extensions ['ignore', 'ignore_ament_install']
[0.182s] Level 1:colcon.colcon_core.package_identification:_identify(install) by extension 'ignore'
[0.182s] Level 1:colcon.colcon_core.package_identification:_identify(install) ignored
[0.183s] Level 1:colcon.colcon_core.package_identification:_identify(log) by extensions ['ignore', 'ignore_ament_install']
[0.183s] Level 1:colcon.colcon_core.package_identification:_identify(log) by extension 'ignore'
[0.183s] Level 1:colcon.colcon_core.package_identification:_identify(log) ignored
[0.183s] Level 1:colcon.colcon_core.package_identification:_identify(src) by extensions ['ignore', 'ignore_ament_install']
[0.183s] Level 1:colcon.colcon_core.package_identification:_identify(src) by extension 'ignore'
[0.183s] Level 1:colcon.colcon_core.package_identification:_identify(src) by extension 'ignore_ament_install'
[0.183s] Level 1:colcon.colcon_core.package_identification:_identify(src) by extensions ['colcon_pkg']
[0.183s] Level 1:colcon.colcon_core.package_identification:_identify(src) by extension 'colcon_pkg'
[0.183s] Level 1:colcon.colcon_core.package_identification:_identify(src) by extensions ['colcon_meta']
[0.183s] Level 1:colcon.colcon_core.package_identification:_identify(src) by extension 'colcon_meta'
[0.183s] Level 1:colcon.colcon_core.package_identification:_identify(src) by extensions ['ros']
[0.183s] Level 1:colcon.colcon_core.package_identification:_identify(src) by extension 'ros'
[0.184s] Level 1:colcon.colcon_core.package_identification:_identify(src) by extensions ['cmake', 'python']
[0.184s] Level 1:colcon.colcon_core.package_identification:_identify(src) by extension 'cmake'
[0.184s] Level 1:colcon.colcon_core.package_identification:_identify(src) by extension 'python'
[0.184s] Level 1:colcon.colcon_core.package_identification:_identify(src) by extensions ['python_setup_py']
[0.184s] Level 1:colcon.colcon_core.package_identification:_identify(src) by extension 'python_setup_py'
[0.184s] Level 1:colcon.colcon_core.package_identification:_identify(src/my_package) by extensions ['ignore', 'ignore_ament_install']
[0.184s] Level 1:colcon.colcon_core.package_identification:_identify(src/my_package) by extension 'ignore'
[0.184s] Level 1:colcon.colcon_core.package_identification:_identify(src/my_package) by extension 'ignore_ament_install'
[0.184s] Level 1:colcon.colcon_core.package_identification:_identify(src/my_package) by extensions ['colcon_pkg']
[0.184s] Level 1:colcon.colcon_core.package_identification:_identify(src/my_package) by extension 'colcon_pkg'
[0.185s] Level 1:colcon.colcon_core.package_identification:_identify(src/my_package) by extensions ['colcon_meta']
[0.185s] Level 1:colcon.colcon_core.package_identification:_identify(src/my_package) by extension 'colcon_meta'
[0.185s] Level 1:colcon.colcon_core.package_identification:_identify(src/my_package) by extensions ['ros']
[0.185s] Level 1:colcon.colcon_core.package_identification:_identify(src/my_package) by extension 'ros'
[0.186s] DEBUG:colcon.colcon_core.package_identification:Package 'src/my_package' with type 'ros.ament_cmake' and name 'my_package'
[0.187s] Level 1:colcon.colcon_core.package_identification:_identify(src/psub1) by extensions ['ignore', 'ignore_ament_install']
[0.187s] Level 1:colcon.colcon_core.package_identification:_identify(src/psub1) by extension 'ignore'
[0.187s] Level 1:colcon.colcon_core.package_identification:_identify(src/psub1) by extension 'ignore_ament_install'
[0.187s] Level 1:colcon.colcon_core.package_identification:_identify(src/psub1) by extensions ['colcon_pkg']
[0.187s] Level 1:colcon.colcon_core.package_identification:_identify(src/psub1) by extension 'colcon_pkg'
[0.187s] Level 1:colcon.colcon_core.package_identification:_identify(src/psub1) by extensions ['colcon_meta']
[0.187s] Level 1:colcon.colcon_core.package_identification:_identify(src/psub1) by extension 'colcon_meta'
[0.187s] Level 1:colcon.colcon_core.package_identification:_identify(src/psub1) by extensions ['ros']
[0.187s] Level 1:colcon.colcon_core.package_identification:_identify(src/psub1) by extension 'ros'
[0.188s] DEBUG:colcon.colcon_core.package_identification:Package 'src/psub1' with type 'ros.ament_cmake' and name 'psub1'
[0.188s] Level 1:colcon.colcon_core.package_identification:_identify(src/psub1a) by extensions ['ignore', 'ignore_ament_install']
[0.188s] Level 1:colcon.colcon_core.package_identification:_identify(src/psub1a) by extension 'ignore'
[0.188s] Level 1:colcon.colcon_core.package_identification:_identify(src/psub1a) by extension 'ignore_ament_install'
[0.188s] Level 1:colcon.colcon_core.package_identification:_identify(src/psub1a) by extensions ['colcon_pkg']
[0.188s] Level 1:colcon.colcon_core.package_identification:_identify(src/psub1a) by extension 'colcon_pkg'
[0.188s] Level 1:colcon.colcon_core.package_identification:_identify(src/psub1a) by extensions ['colcon_meta']
[0.188s] Level 1:colcon.colcon_core.package_identification:_identify(src/psub1a) by extension 'colcon_meta'
[0.189s] Level 1:colcon.colcon_core.package_identification:_identify(src/psub1a) by extensions ['ros']
[0.189s] Level 1:colcon.colcon_core.package_identification:_identify(src/psub1a) by extension 'ros'
[0.189s] DEBUG:colcon.colcon_core.package_identification:Package 'src/psub1a' with type 'ros.ament_cmake' and name 'psub1a'
[0.189s] Level 1:colcon.colcon_core.package_identification:_identify(src/pub1) by extensions ['ignore', 'ignore_ament_install']
[0.189s] Level 1:colcon.colcon_core.package_identification:_identify(src/pub1) by extension 'ignore'
[0.189s] Level 1:colcon.colcon_core.package_identification:_identify(src/pub1) by extension 'ignore_ament_install'
[0.189s] Level 1:colcon.colcon_core.package_identification:_identify(src/pub1) by extensions ['colcon_pkg']
[0.190s] Level 1:colcon.colcon_core.package_identification:_identify(src/pub1) by extension 'colcon_pkg'
[0.190s] Level 1:colcon.colcon_core.package_identification:_identify(src/pub1) by extensions ['colcon_meta']
[0.190s] Level 1:colcon.colcon_core.package_identification:_identify(src/pub1) by extension 'colcon_meta'
[0.190s] Level 1:colcon.colcon_core.package_identification:_identify(src/pub1) by extensions ['ros']
[0.190s] Level 1:colcon.colcon_core.package_identification:_identify(src/pub1) by extension 'ros'
[0.190s] DEBUG:colcon.colcon_core.package_identification:Package 'src/pub1' with type 'ros.ament_cmake' and name 'pub1'
[0.191s] Level 1:colcon.colcon_core.package_identification:_identify(src/pub1a) by extensions ['ignore', 'ignore_ament_install']
[0.191s] Level 1:colcon.colcon_core.package_identification:_identify(src/pub1a) by extension 'ignore'
[0.191s] Level 1:colcon.colcon_core.package_identification:_identify(src/pub1a) by extension 'ignore_ament_install'
[0.191s] Level 1:colcon.colcon_core.package_identification:_identify(src/pub1a) by extensions ['colcon_pkg']
[0.191s] Level 1:colcon.colcon_core.package_identification:_identify(src/pub1a) by extension 'colcon_pkg'
[0.191s] Level 1:colcon.colcon_core.package_identification:_identify(src/pub1a) by extensions ['colcon_meta']
[0.191s] Level 1:colcon.colcon_core.package_identification:_identify(src/pub1a) by extension 'colcon_meta'
[0.191s] Level 1:colcon.colcon_core.package_identification:_identify(src/pub1a) by extensions ['ros']
[0.191s] Level 1:colcon.colcon_core.package_identification:_identify(src/pub1a) by extension 'ros'
[0.192s] DEBUG:colcon.colcon_core.package_identification:Package 'src/pub1a' with type 'ros.ament_cmake' and name 'pub1a'
[0.192s] Level 1:colcon.colcon_core.package_identification:_identify(src/pub1b) by extensions ['ignore', 'ignore_ament_install']
[0.192s] Level 1:colcon.colcon_core.package_identification:_identify(src/pub1b) by extension 'ignore'
[0.193s] Level 1:colcon.colcon_core.package_identification:_identify(src/pub1b) by extension 'ignore_ament_install'
[0.193s] Level 1:colcon.colcon_core.package_identification:_identify(src/pub1b) by extensions ['colcon_pkg']
[0.193s] Level 1:colcon.colcon_core.package_identification:_identify(src/pub1b) by extension 'colcon_pkg'
[0.193s] Level 1:colcon.colcon_core.package_identification:_identify(src/pub1b) by extensions ['colcon_meta']
[0.193s] Level 1:colcon.colcon_core.package_identification:_identify(src/pub1b) by extension 'colcon_meta'
[0.193s] Level 1:colcon.colcon_core.package_identification:_identify(src/pub1b) by extensions ['ros']
[0.193s] Level 1:colcon.colcon_core.package_identification:_identify(src/pub1b) by extension 'ros'
[0.193s] DEBUG:colcon.colcon_core.package_identification:Package 'src/pub1b' with type 'ros.ament_cmake' and name 'pub1b'
[0.194s] Level 1:colcon.colcon_core.package_identification:_identify(src/pub2) by extensions ['ignore', 'ignore_ament_install']
[0.194s] Level 1:colcon.colcon_core.package_identification:_identify(src/pub2) by extension 'ignore'
[0.194s] Level 1:colcon.colcon_core.package_identification:_identify(src/pub2) by extension 'ignore_ament_install'
[0.194s] Level 1:colcon.colcon_core.package_identification:_identify(src/pub2) by extensions ['colcon_pkg']
[0.194s] Level 1:colcon.colcon_core.package_identification:_identify(src/pub2) by extension 'colcon_pkg'
[0.194s] Level 1:colcon.colcon_core.package_identification:_identify(src/pub2) by extensions ['colcon_meta']
[0.194s] Level 1:colcon.colcon_core.package_identification:_identify(src/pub2) by extension 'colcon_meta'
[0.194s] Level 1:colcon.colcon_core.package_identification:_identify(src/pub2) by extensions ['ros']
[0.194s] Level 1:colcon.colcon_core.package_identification:_identify(src/pub2) by extension 'ros'
[0.195s] DEBUG:colcon.colcon_core.package_identification:Package 'src/pub2' with type 'ros.ament_cmake' and name 'pub2'
[0.195s] Level 1:colcon.colcon_core.package_identification:_identify(src/pub2a) by extensions ['ignore', 'ignore_ament_install']
[0.195s] Level 1:colcon.colcon_core.package_identification:_identify(src/pub2a) by extension 'ignore'
[0.196s] Level 1:colcon.colcon_core.package_identification:_identify(src/pub2a) by extension 'ignore_ament_install'
[0.196s] Level 1:colcon.colcon_core.package_identification:_identify(src/pub2a) by extensions ['colcon_pkg']
[0.196s] Level 1:colcon.colcon_core.package_identification:_identify(src/pub2a) by extension 'colcon_pkg'
[0.196s] Level 1:colcon.colcon_core.package_identification:_identify(src/pub2a) by extensions ['colcon_meta']
[0.196s] Level 1:colcon.colcon_core.package_identification:_identify(src/pub2a) by extension 'colcon_meta'
[0.196s] Level 1:colcon.colcon_core.package_identification:_identify(src/pub2a) by extensions ['ros']
[0.196s] Level 1:colcon.colcon_core.package_identification:_identify(src/pub2a) by extension 'ros'
[0.196s] DEBUG:colcon.colcon_core.package_identification:Package 'src/pub2a' with type 'ros.ament_cmake' and name 'pub2a'
[0.197s] Level 1:colcon.colcon_core.package_identification:_identify(src/pub2b) by extensions ['ignore', 'ignore_ament_install']
[0.197s] Level 1:colcon.colcon_core.package_identification:_identify(src/pub2b) by extension 'ignore'
[0.197s] Level 1:colcon.colcon_core.package_identification:_identify(src/pub2b) by extension 'ignore_ament_install'
[0.197s] Level 1:colcon.colcon_core.package_identification:_identify(src/pub2b) by extensions ['colcon_pkg']
[0.197s] Level 1:colcon.colcon_core.package_identification:_identify(src/pub2b) by extension 'colcon_pkg'
[0.197s] Level 1:colcon.colcon_core.package_identification:_identify(src/pub2b) by extensions ['colcon_meta']
[0.197s] Level 1:colcon.colcon_core.package_identification:_identify(src/pub2b) by extension 'colcon_meta'
[0.197s] Level 1:colcon.colcon_core.package_identification:_identify(src/pub2b) by extensions ['ros']
[0.197s] Level 1:colcon.colcon_core.package_identification:_identify(src/pub2b) by extension 'ros'
[0.198s] DEBUG:colcon.colcon_core.package_identification:Package 'src/pub2b' with type 'ros.ament_cmake' and name 'pub2b'
[0.198s] Level 1:colcon.colcon_core.package_discovery:discover_packages(recursive) using defaults
[0.198s] Level 1:colcon.colcon_core.package_discovery:discover_packages(ignore) discover
[0.198s] Level 1:colcon.colcon_core.package_discovery:discover_packages(ignore) using defaults
[0.198s] Level 1:colcon.colcon_core.package_discovery:discover_packages(path) discover
[0.198s] Level 1:colcon.colcon_core.package_discovery:discover_packages(path) using defaults
[0.208s] INFO:colcon.colcon_core.package_selection:Skipping not selected package 'my_package' in 'src/my_package'
[0.208s] INFO:colcon.colcon_core.package_selection:Skipping not selected package 'psub1' in 'src/psub1'
[0.208s] INFO:colcon.colcon_core.package_selection:Skipping not selected package 'pub1' in 'src/pub1'
[0.208s] INFO:colcon.colcon_core.package_selection:Skipping not selected package 'pub1a' in 'src/pub1a'
[0.208s] INFO:colcon.colcon_core.package_selection:Skipping not selected package 'pub1b' in 'src/pub1b'
[0.208s] INFO:colcon.colcon_core.package_selection:Skipping not selected package 'pub2' in 'src/pub2'
[0.208s] INFO:colcon.colcon_core.package_selection:Skipping not selected package 'pub2a' in 'src/pub2a'
[0.209s] INFO:colcon.colcon_core.package_selection:Skipping not selected package 'pub2b' in 'src/pub2b'
[0.209s] Level 5:colcon.colcon_core.verb:set package 'psub1a' build argument 'cmake_args' from command line to 'None'
[0.209s] Level 5:colcon.colcon_core.verb:set package 'psub1a' build argument 'cmake_target' from command line to 'None'
[0.209s] Level 5:colcon.colcon_core.verb:set package 'psub1a' build argument 'cmake_target_skip_unavailable' from command line to 'False'
[0.209s] Level 5:colcon.colcon_core.verb:set package 'psub1a' build argument 'cmake_clean_cache' from command line to 'False'
[0.209s] Level 5:colcon.colcon_core.verb:set package 'psub1a' build argument 'cmake_clean_first' from command line to 'False'
[0.209s] Level 5:colcon.colcon_core.verb:set package 'psub1a' build argument 'cmake_force_configure' from command line to 'False'
[0.209s] Level 5:colcon.colcon_core.verb:set package 'psub1a' build argument 'ament_cmake_args' from command line to 'None'
[0.209s] Level 5:colcon.colcon_core.verb:set package 'psub1a' build argument 'catkin_cmake_args' from command line to 'None'
[0.209s] Level 5:colcon.colcon_core.verb:set package 'psub1a' build argument 'catkin_skip_building_tests' from command line to 'False'
[0.209s] DEBUG:colcon.colcon_core.verb:Building package 'psub1a' with the following arguments: {'ament_cmake_args': None, 'build_base': '/home/eogus/ros2_ws/build/psub1a', 'catkin_cmake_args': None, 'catkin_skip_building_tests': False, 'cmake_args': None, 'cmake_clean_cache': False, 'cmake_clean_first': False, 'cmake_force_configure': False, 'cmake_target': None, 'cmake_target_skip_unavailable': False, 'install_base': '/home/eogus/ros2_ws/install/psub1a', 'merge_install': False, 'path': '/home/eogus/ros2_ws/src/psub1a', 'symlink_install': True, 'test_result_base': None}
[0.210s] INFO:colcon.colcon_core.executor:Executing jobs using 'parallel' executor
[0.211s] DEBUG:colcon.colcon_parallel_executor.executor.parallel:run_until_complete
[0.211s] INFO:colcon.colcon_ros.task.ament_cmake.build:Building ROS package in '/home/eogus/ros2_ws/src/psub1a' with build type 'ament_cmake'
[0.212s] INFO:colcon.colcon_cmake.task.cmake.build:Building CMake package in '/home/eogus/ros2_ws/src/psub1a'
[0.213s] INFO:colcon.colcon_core.plugin_system:Skipping extension 'colcon_core.shell.bat': Not used on non-Windows systems
[0.214s] INFO:colcon.colcon_core.shell:Skip shell extension 'powershell' for command environment: Not usable outside of PowerShell
[0.214s] DEBUG:colcon.colcon_core.shell:Skip shell extension 'dsv' for command environment
[0.230s] DEBUG:colcon.colcon_core.event_handler.log_command:Invoking command in '/home/eogus/ros2_ws/build/psub1a': CMAKE_PREFIX_PATH=${CMAKE_PREFIX_PATH}:/opt/ros/foxy /usr/bin/cmake --build /home/eogus/ros2_ws/build/psub1a -- -j8 -l8
[2.847s] DEBUG:colcon.colcon_core.event_handler.log_command:Invoked command in '/home/eogus/ros2_ws/build/psub1a' returned '0': CMAKE_PREFIX_PATH=${CMAKE_PREFIX_PATH}:/opt/ros/foxy /usr/bin/cmake --build /home/eogus/ros2_ws/build/psub1a -- -j8 -l8
[2.868s] DEBUG:colcon.colcon_core.event_handler.log_command:Invoking command in '/home/eogus/ros2_ws/build/psub1a': CMAKE_PREFIX_PATH=${CMAKE_PREFIX_PATH}:/opt/ros/foxy /usr/bin/cmake --install /home/eogus/ros2_ws/build/psub1a
[2.887s] Level 1:colcon.colcon_core.environment:create_environment_scripts_only(psub1a)
[2.890s] Level 1:colcon.colcon_core.environment:checking '/home/eogus/ros2_ws/install/psub1a' for CMake module files
[2.891s] DEBUG:colcon.colcon_core.event_handler.log_command:Invoked command in '/home/eogus/ros2_ws/build/psub1a' returned '0': CMAKE_PREFIX_PATH=${CMAKE_PREFIX_PATH}:/opt/ros/foxy /usr/bin/cmake --install /home/eogus/ros2_ws/build/psub1a
[2.892s] Level 1:colcon.colcon_core.environment:checking '/home/eogus/ros2_ws/install/psub1a' for CMake config files
[2.893s] Level 1:colcon.colcon_core.shell:create_environment_hook('psub1a', 'cmake_prefix_path')
[2.893s] INFO:colcon.colcon_core.shell:Creating environment hook '/home/eogus/ros2_ws/install/psub1a/share/psub1a/hook/cmake_prefix_path.ps1'
[2.894s] INFO:colcon.colcon_core.shell:Creating environment descriptor '/home/eogus/ros2_ws/install/psub1a/share/psub1a/hook/cmake_prefix_path.dsv'
[2.895s] INFO:colcon.colcon_core.shell:Creating environment hook '/home/eogus/ros2_ws/install/psub1a/share/psub1a/hook/cmake_prefix_path.sh'
[2.895s] Level 1:colcon.colcon_core.environment:checking '/home/eogus/ros2_ws/install/psub1a/lib'
[2.895s] Level 1:colcon.colcon_core.environment:checking '/home/eogus/ros2_ws/install/psub1a/bin'
[2.896s] Level 1:colcon.colcon_core.environment:checking '/home/eogus/ros2_ws/install/psub1a/lib/pkgconfig/psub1a.pc'
[2.896s] Level 1:colcon.colcon_core.environment:checking '/home/eogus/ros2_ws/install/psub1a/lib/python3.8/site-packages'
[2.896s] Level 1:colcon.colcon_core.environment:checking '/home/eogus/ros2_ws/install/psub1a/bin'
[2.897s] INFO:colcon.colcon_core.shell:Creating package script '/home/eogus/ros2_ws/install/psub1a/share/psub1a/package.ps1'
[2.898s] INFO:colcon.colcon_core.shell:Creating package descriptor '/home/eogus/ros2_ws/install/psub1a/share/psub1a/package.dsv'
[2.898s] INFO:colcon.colcon_core.shell:Creating package script '/home/eogus/ros2_ws/install/psub1a/share/psub1a/package.sh'
[2.899s] INFO:colcon.colcon_core.shell:Creating package script '/home/eogus/ros2_ws/install/psub1a/share/psub1a/package.bash'
[2.899s] INFO:colcon.colcon_core.shell:Creating package script '/home/eogus/ros2_ws/install/psub1a/share/psub1a/package.zsh'
[2.900s] Level 1:colcon.colcon_core.environment:create_file_with_runtime_dependencies(/home/eogus/ros2_ws/install/psub1a/share/colcon-core/packages/psub1a)
[2.916s] Level 1:colcon.colcon_core.environment:create_environment_scripts_only(psub1a)
[2.917s] Level 1:colcon.colcon_core.environment:checking '/home/eogus/ros2_ws/install/psub1a' for CMake module files
[2.921s] Level 1:colcon.colcon_core.environment:checking '/home/eogus/ros2_ws/install/psub1a' for CMake config files
[2.922s] Level 1:colcon.colcon_core.shell:create_environment_hook('psub1a', 'cmake_prefix_path')
[2.923s] INFO:colcon.colcon_core.shell:Creating environment hook '/home/eogus/ros2_ws/install/psub1a/share/psub1a/hook/cmake_prefix_path.ps1'
[2.923s] INFO:colcon.colcon_core.shell:Creating environment descriptor '/home/eogus/ros2_ws/install/psub1a/share/psub1a/hook/cmake_prefix_path.dsv'
[2.924s] INFO:colcon.colcon_core.shell:Creating environment hook '/home/eogus/ros2_ws/install/psub1a/share/psub1a/hook/cmake_prefix_path.sh'
[2.925s] Level 1:colcon.colcon_core.environment:checking '/home/eogus/ros2_ws/install/psub1a/lib'
[2.925s] Level 1:colcon.colcon_core.environment:checking '/home/eogus/ros2_ws/install/psub1a/bin'
[2.925s] Level 1:colcon.colcon_core.environment:checking '/home/eogus/ros2_ws/install/psub1a/lib/pkgconfig/psub1a.pc'
[2.925s] Level 1:colcon.colcon_core.environment:checking '/home/eogus/ros2_ws/install/psub1a/lib/python3.8/site-packages'
[2.925s] Level 1:colcon.colcon_core.environment:checking '/home/eogus/ros2_ws/install/psub1a/bin'
[2.926s] INFO:colcon.colcon_core.shell:Creating package script '/home/eogus/ros2_ws/install/psub1a/share/psub1a/package.ps1'
[2.927s] INFO:colcon.colcon_core.shell:Creating package descriptor '/home/eogus/ros2_ws/install/psub1a/share/psub1a/package.dsv'
[2.927s] INFO:colcon.colcon_core.shell:Creating package script '/home/eogus/ros2_ws/install/psub1a/share/psub1a/package.sh'
[2.927s] INFO:colcon.colcon_core.shell:Creating package script '/home/eogus/ros2_ws/install/psub1a/share/psub1a/package.bash'
[2.928s] INFO:colcon.colcon_core.shell:Creating package script '/home/eogus/ros2_ws/install/psub1a/share/psub1a/package.zsh'
[2.928s] Level 1:colcon.colcon_core.environment:create_file_with_runtime_dependencies(/home/eogus/ros2_ws/install/psub1a/share/colcon-core/packages/psub1a)
[2.928s] DEBUG:colcon.colcon_parallel_executor.executor.parallel:closing loop
[2.929s] DEBUG:colcon.colcon_parallel_executor.executor.parallel:loop closed
[2.929s] DEBUG:colcon.colcon_parallel_executor.executor.parallel:run_until_complete finished with '0'
[2.929s] DEBUG:colcon.colcon_core.event_reactor:joining thread
[2.933s] INFO:colcon.colcon_core.plugin_system:Skipping extension 'colcon_notification.desktop_notification.notify_send': Could not find 'notify-send'
[2.934s] INFO:colcon.colcon_core.plugin_system:Skipping extension 'colcon_notification.desktop_notification.terminal_notifier': Not used on non-Darwin systems
[2.934s] INFO:colcon.colcon_core.plugin_system:Skipping extension 'colcon_notification.desktop_notification.win32': Not used on non-Windows systems
[2.934s] INFO:colcon.colcon_notification.desktop_notification:Sending desktop notification using 'notify2'
[2.945s] DEBUG:colcon.colcon_notification.desktop_notification.notify2:Failed to initialize notify2: org.freedesktop.DBus.Error.ServiceUnknown: The name org.freedesktop.Notifications was not provided by any .service files
[2.946s] DEBUG:colcon.colcon_core.event_reactor:joined thread
[2.948s] INFO:colcon.colcon_core.shell:Creating prefix script '/home/eogus/ros2_ws/install/local_setup.ps1'
[2.949s] INFO:colcon.colcon_core.shell:Creating prefix util module '/home/eogus/ros2_ws/install/_local_setup_util_ps1.py'
[2.953s] INFO:colcon.colcon_core.shell:Creating prefix chain script '/home/eogus/ros2_ws/install/setup.ps1'
[2.958s] INFO:colcon.colcon_core.shell:Creating prefix script '/home/eogus/ros2_ws/install/local_setup.sh'
[2.959s] INFO:colcon.colcon_core.shell:Creating prefix util module '/home/eogus/ros2_ws/install/_local_setup_util_sh.py'
[2.959s] INFO:colcon.colcon_core.shell:Creating prefix chain script '/home/eogus/ros2_ws/install/setup.sh'
[2.964s] INFO:colcon.colcon_core.shell:Creating prefix script '/home/eogus/ros2_ws/install/local_setup.bash'
[2.964s] INFO:colcon.colcon_core.shell:Creating prefix chain script '/home/eogus/ros2_ws/install/setup.bash'
[2.967s] INFO:colcon.colcon_core.shell:Creating prefix script '/home/eogus/ros2_ws/install/local_setup.zsh'
[2.967s] INFO:colcon.colcon_core.shell:Creating prefix chain script '/home/eogus/ros2_ws/install/setup.zsh'
