[0.147s] DEBUG:colcon:Command line arguments: ['/usr/bin/colcon', 'build', '--symlink-install', '--packages-select', 'pub2a']
[0.147s] DEBUG:colcon:Parsed command line arguments: Namespace(ament_cmake_args=None, base_paths=['.'], build_base='build', catkin_cmake_args=None, catkin_skip_building_tests=False, cmake_args=None, cmake_clean_cache=False, cmake_clean_first=False, cmake_force_configure=False, cmake_target=None, cmake_target_skip_unavailable=False, continue_on_error=False, event_handlers=None, executor='parallel', ignore_user_meta=False, install_base='install', log_base=None, log_level=None, main=<bound method BuildVerb.main of <colcon_core.verb.build.BuildVerb object at 0xffff86f32bb0>>, merge_install=False, metas=['./colcon.meta'], mixin=None, mixin_files=None, mixin_verb=('build',), packages_above=None, packages_above_and_dependencies=None, packages_above_depth=None, packages_end=None, packages_ignore=None, packages_ignore_regex=None, packages_select=['pub2a'], packages_select_build_failed=False, packages_select_by_dep=None, packages_select_regex=None, packages_select_test_failures=False, packages_skip=None, packages_skip_build_finished=False, packages_skip_by_dep=None, packages_skip_regex=None, packages_skip_test_passed=False, packages_skip_up_to=None, packages_start=None, packages_up_to=None, packages_up_to_regex=None, parallel_workers=8, paths=None, symlink_install=True, test_result_base=None, verb_extension=<colcon_core.verb.build.BuildVerb object at 0xffff86f32bb0>, verb_name='build', verb_parser=<colcon_mixin.mixin.mixin_argument.MixinArgumentDecorator object at 0xffff86f3e1c0>)
[0.162s] Level 1:colcon.colcon_core.package_discovery:discover_packages(colcon_meta) check parameters
[0.162s] Level 1:colcon.colcon_core.package_discovery:discover_packages(recursive) check parameters
[0.163s] Level 1:colcon.colcon_core.package_discovery:discover_packages(ignore) check parameters
[0.163s] Level 1:colcon.colcon_core.package_discovery:discover_packages(path) check parameters
[0.163s] Level 1:colcon.colcon_core.package_discovery:discover_packages(colcon_meta) discover
[0.163s] Level 1:colcon.colcon_core.package_discovery:discover_packages(recursive) discover
[0.163s] INFO:colcon.colcon_core.package_discovery:Crawling recursively for packages in '/home/eogus/ros2_ws'
[0.163s] Level 1:colcon.colcon_core.package_identification:_identify(.) by extensions ['ignore', 'ignore_ament_install']
[0.163s] Level 1:colcon.colcon_core.package_identification:_identify(.) by extension 'ignore'
[0.163s] Level 1:colcon.colcon_core.package_identification:_identify(.) by extension 'ignore_ament_install'
[0.163s] Level 1:colcon.colcon_core.package_identification:_identify(.) by extensions ['colcon_pkg']
[0.163s] Level 1:colcon.colcon_core.package_identification:_identify(.) by extension 'colcon_pkg'
[0.164s] Level 1:colcon.colcon_core.package_identification:_identify(.) by extensions ['colcon_meta']
[0.164s] Level 1:colcon.colcon_core.package_identification:_identify(.) by extension 'colcon_meta'
[0.164s] Level 1:colcon.colcon_core.package_identification:_identify(.) by extensions ['ros']
[0.164s] Level 1:colcon.colcon_core.package_identification:_identify(.) by extension 'ros'
[0.174s] Level 1:colcon.colcon_core.package_identification:_identify(.) by extensions ['cmake', 'python']
[0.175s] Level 1:colcon.colcon_core.package_identification:_identify(.) by extension 'cmake'
[0.175s] Level 1:colcon.colcon_core.package_identification:_identify(.) by extension 'python'
[0.175s] Level 1:colcon.colcon_core.package_identification:_identify(.) by extensions ['python_setup_py']
[0.175s] Level 1:colcon.colcon_core.package_identification:_identify(.) by extension 'python_setup_py'
[0.175s] Level 1:colcon.colcon_core.package_identification:_identify(build) by extensions ['ignore', 'ignore_ament_install']
[0.175s] Level 1:colcon.colcon_core.package_identification:_identify(build) by extension 'ignore'
[0.175s] Level 1:colcon.colcon_core.package_identification:_identify(build) ignored
[0.176s] Level 1:colcon.colcon_core.package_identification:_identify(install) by extensions ['ignore', 'ignore_ament_install']
[0.176s] Level 1:colcon.colcon_core.package_identification:_identify(install) by extension 'ignore'
[0.176s] Level 1:colcon.colcon_core.package_identification:_identify(install) ignored
[0.176s] Level 1:colcon.colcon_core.package_identification:_identify(log) by extensions ['ignore', 'ignore_ament_install']
[0.176s] Level 1:colcon.colcon_core.package_identification:_identify(log) by extension 'ignore'
[0.176s] Level 1:colcon.colcon_core.package_identification:_identify(log) ignored
[0.177s] Level 1:colcon.colcon_core.package_identification:_identify(src) by extensions ['ignore', 'ignore_ament_install']
[0.177s] Level 1:colcon.colcon_core.package_identification:_identify(src) by extension 'ignore'
[0.177s] Level 1:colcon.colcon_core.package_identification:_identify(src) by extension 'ignore_ament_install'
[0.177s] Level 1:colcon.colcon_core.package_identification:_identify(src) by extensions ['colcon_pkg']
[0.177s] Level 1:colcon.colcon_core.package_identification:_identify(src) by extension 'colcon_pkg'
[0.177s] Level 1:colcon.colcon_core.package_identification:_identify(src) by extensions ['colcon_meta']
[0.177s] Level 1:colcon.colcon_core.package_identification:_identify(src) by extension 'colcon_meta'
[0.177s] Level 1:colcon.colcon_core.package_identification:_identify(src) by extensions ['ros']
[0.177s] Level 1:colcon.colcon_core.package_identification:_identify(src) by extension 'ros'
[0.177s] Level 1:colcon.colcon_core.package_identification:_identify(src) by extensions ['cmake', 'python']
[0.177s] Level 1:colcon.colcon_core.package_identification:_identify(src) by extension 'cmake'
[0.178s] Level 1:colcon.colcon_core.package_identification:_identify(src) by extension 'python'
[0.178s] Level 1:colcon.colcon_core.package_identification:_identify(src) by extensions ['python_setup_py']
[0.178s] Level 1:colcon.colcon_core.package_identification:_identify(src) by extension 'python_setup_py'
[0.178s] Level 1:colcon.colcon_core.package_identification:_identify(src/my_package) by extensions ['ignore', 'ignore_ament_install']
[0.178s] Level 1:colcon.colcon_core.package_identification:_identify(src/my_package) by extension 'ignore'
[0.178s] Level 1:colcon.colcon_core.package_identification:_identify(src/my_package) by extension 'ignore_ament_install'
[0.178s] Level 1:colcon.colcon_core.package_identification:_identify(src/my_package) by extensions ['colcon_pkg']
[0.178s] Level 1:colcon.colcon_core.package_identification:_identify(src/my_package) by extension 'colcon_pkg'
[0.178s] Level 1:colcon.colcon_core.package_identification:_identify(src/my_package) by extensions ['colcon_meta']
[0.178s] Level 1:colcon.colcon_core.package_identification:_identify(src/my_package) by extension 'colcon_meta'
[0.178s] Level 1:colcon.colcon_core.package_identification:_identify(src/my_package) by extensions ['ros']
[0.178s] Level 1:colcon.colcon_core.package_identification:_identify(src/my_package) by extension 'ros'
[0.180s] DEBUG:colcon.colcon_core.package_identification:Package 'src/my_package' with type 'ros.ament_cmake' and name 'my_package'
[0.181s] Level 1:colcon.colcon_core.package_identification:_identify(src/pub1) by extensions ['ignore', 'ignore_ament_install']
[0.181s] Level 1:colcon.colcon_core.package_identification:_identify(src/pub1) by extension 'ignore'
[0.181s] Level 1:colcon.colcon_core.package_identification:_identify(src/pub1) by extension 'ignore_ament_install'
[0.181s] Level 1:colcon.colcon_core.package_identification:_identify(src/pub1) by extensions ['colcon_pkg']
[0.181s] Level 1:colcon.colcon_core.package_identification:_identify(src/pub1) by extension 'colcon_pkg'
[0.181s] Level 1:colcon.colcon_core.package_identification:_identify(src/pub1) by extensions ['colcon_meta']
[0.181s] Level 1:colcon.colcon_core.package_identification:_identify(src/pub1) by extension 'colcon_meta'
[0.181s] Level 1:colcon.colcon_core.package_identification:_identify(src/pub1) by extensions ['ros']
[0.181s] Level 1:colcon.colcon_core.package_identification:_identify(src/pub1) by extension 'ros'
[0.182s] DEBUG:colcon.colcon_core.package_identification:Package 'src/pub1' with type 'ros.ament_cmake' and name 'pub1'
[0.182s] Level 1:colcon.colcon_core.package_identification:_identify(src/pub1a) by extensions ['ignore', 'ignore_ament_install']
[0.182s] Level 1:colcon.colcon_core.package_identification:_identify(src/pub1a) by extension 'ignore'
[0.182s] Level 1:colcon.colcon_core.package_identification:_identify(src/pub1a) by extension 'ignore_ament_install'
[0.182s] Level 1:colcon.colcon_core.package_identification:_identify(src/pub1a) by extensions ['colcon_pkg']
[0.183s] Level 1:colcon.colcon_core.package_identification:_identify(src/pub1a) by extension 'colcon_pkg'
[0.183s] Level 1:colcon.colcon_core.package_identification:_identify(src/pub1a) by extensions ['colcon_meta']
[0.183s] Level 1:colcon.colcon_core.package_identification:_identify(src/pub1a) by extension 'colcon_meta'
[0.183s] Level 1:colcon.colcon_core.package_identification:_identify(src/pub1a) by extensions ['ros']
[0.183s] Level 1:colcon.colcon_core.package_identification:_identify(src/pub1a) by extension 'ros'
[0.183s] DEBUG:colcon.colcon_core.package_identification:Package 'src/pub1a' with type 'ros.ament_cmake' and name 'pub1a'
[0.184s] Level 1:colcon.colcon_core.package_identification:_identify(src/pub1b) by extensions ['ignore', 'ignore_ament_install']
[0.184s] Level 1:colcon.colcon_core.package_identification:_identify(src/pub1b) by extension 'ignore'
[0.184s] Level 1:colcon.colcon_core.package_identification:_identify(src/pub1b) by extension 'ignore_ament_install'
[0.184s] Level 1:colcon.colcon_core.package_identification:_identify(src/pub1b) by extensions ['colcon_pkg']
[0.184s] Level 1:colcon.colcon_core.package_identification:_identify(src/pub1b) by extension 'colcon_pkg'
[0.184s] Level 1:colcon.colcon_core.package_identification:_identify(src/pub1b) by extensions ['colcon_meta']
[0.184s] Level 1:colcon.colcon_core.package_identification:_identify(src/pub1b) by extension 'colcon_meta'
[0.184s] Level 1:colcon.colcon_core.package_identification:_identify(src/pub1b) by extensions ['ros']
[0.184s] Level 1:colcon.colcon_core.package_identification:_identify(src/pub1b) by extension 'ros'
[0.185s] DEBUG:colcon.colcon_core.package_identification:Package 'src/pub1b' with type 'ros.ament_cmake' and name 'pub1b'
[0.185s] Level 1:colcon.colcon_core.package_identification:_identify(src/pub2) by extensions ['ignore', 'ignore_ament_install']
[0.185s] Level 1:colcon.colcon_core.package_identification:_identify(src/pub2) by extension 'ignore'
[0.185s] Level 1:colcon.colcon_core.package_identification:_identify(src/pub2) by extension 'ignore_ament_install'
[0.185s] Level 1:colcon.colcon_core.package_identification:_identify(src/pub2) by extensions ['colcon_pkg']
[0.185s] Level 1:colcon.colcon_core.package_identification:_identify(src/pub2) by extension 'colcon_pkg'
[0.185s] Level 1:colcon.colcon_core.package_identification:_identify(src/pub2) by extensions ['colcon_meta']
[0.185s] Level 1:colcon.colcon_core.package_identification:_identify(src/pub2) by extension 'colcon_meta'
[0.185s] Level 1:colcon.colcon_core.package_identification:_identify(src/pub2) by extensions ['ros']
[0.185s] Level 1:colcon.colcon_core.package_identification:_identify(src/pub2) by extension 'ros'
[0.186s] DEBUG:colcon.colcon_core.package_identification:Package 'src/pub2' with type 'ros.ament_cmake' and name 'pub2'
[0.186s] Level 1:colcon.colcon_core.package_identification:_identify(src/pub2a) by extensions ['ignore', 'ignore_ament_install']
[0.186s] Level 1:colcon.colcon_core.package_identification:_identify(src/pub2a) by extension 'ignore'
[0.186s] Level 1:colcon.colcon_core.package_identification:_identify(src/pub2a) by extension 'ignore_ament_install'
[0.186s] Level 1:colcon.colcon_core.package_identification:_identify(src/pub2a) by extensions ['colcon_pkg']
[0.186s] Level 1:colcon.colcon_core.package_identification:_identify(src/pub2a) by extension 'colcon_pkg'
[0.186s] Level 1:colcon.colcon_core.package_identification:_identify(src/pub2a) by extensions ['colcon_meta']
[0.186s] Level 1:colcon.colcon_core.package_identification:_identify(src/pub2a) by extension 'colcon_meta'
[0.186s] Level 1:colcon.colcon_core.package_identification:_identify(src/pub2a) by extensions ['ros']
[0.186s] Level 1:colcon.colcon_core.package_identification:_identify(src/pub2a) by extension 'ros'
[0.187s] DEBUG:colcon.colcon_core.package_identification:Package 'src/pub2a' with type 'ros.ament_cmake' and name 'pub2a'
[0.187s] Level 1:colcon.colcon_core.package_discovery:discover_packages(recursive) using defaults
[0.187s] Level 1:colcon.colcon_core.package_discovery:discover_packages(ignore) discover
[0.187s] Level 1:colcon.colcon_core.package_discovery:discover_packages(ignore) using defaults
[0.187s] Level 1:colcon.colcon_core.package_discovery:discover_packages(path) discover
[0.187s] Level 1:colcon.colcon_core.package_discovery:discover_packages(path) using defaults
[0.198s] INFO:colcon.colcon_core.package_selection:Skipping not selected package 'my_package' in 'src/my_package'
[0.198s] INFO:colcon.colcon_core.package_selection:Skipping not selected package 'pub1' in 'src/pub1'
[0.198s] INFO:colcon.colcon_core.package_selection:Skipping not selected package 'pub1a' in 'src/pub1a'
[0.198s] INFO:colcon.colcon_core.package_selection:Skipping not selected package 'pub1b' in 'src/pub1b'
[0.199s] INFO:colcon.colcon_core.package_selection:Skipping not selected package 'pub2' in 'src/pub2'
[0.199s] Level 5:colcon.colcon_core.verb:set package 'pub2a' build argument 'cmake_args' from command line to 'None'
[0.199s] Level 5:colcon.colcon_core.verb:set package 'pub2a' build argument 'cmake_target' from command line to 'None'
[0.199s] Level 5:colcon.colcon_core.verb:set package 'pub2a' build argument 'cmake_target_skip_unavailable' from command line to 'False'
[0.199s] Level 5:colcon.colcon_core.verb:set package 'pub2a' build argument 'cmake_clean_cache' from command line to 'False'
[0.199s] Level 5:colcon.colcon_core.verb:set package 'pub2a' build argument 'cmake_clean_first' from command line to 'False'
[0.199s] Level 5:colcon.colcon_core.verb:set package 'pub2a' build argument 'cmake_force_configure' from command line to 'False'
[0.199s] Level 5:colcon.colcon_core.verb:set package 'pub2a' build argument 'ament_cmake_args' from command line to 'None'
[0.199s] Level 5:colcon.colcon_core.verb:set package 'pub2a' build argument 'catkin_cmake_args' from command line to 'None'
[0.199s] Level 5:colcon.colcon_core.verb:set package 'pub2a' build argument 'catkin_skip_building_tests' from command line to 'False'
[0.199s] DEBUG:colcon.colcon_core.verb:Building package 'pub2a' with the following arguments: {'ament_cmake_args': None, 'build_base': '/home/eogus/ros2_ws/build/pub2a', 'catkin_cmake_args': None, 'catkin_skip_building_tests': False, 'cmake_args': None, 'cmake_clean_cache': False, 'cmake_clean_first': False, 'cmake_force_configure': False, 'cmake_target': None, 'cmake_target_skip_unavailable': False, 'install_base': '/home/eogus/ros2_ws/install/pub2a', 'merge_install': False, 'path': '/home/eogus/ros2_ws/src/pub2a', 'symlink_install': True, 'test_result_base': None}
[0.200s] INFO:colcon.colcon_core.executor:Executing jobs using 'parallel' executor
[0.201s] DEBUG:colcon.colcon_parallel_executor.executor.parallel:run_until_complete
[0.201s] INFO:colcon.colcon_ros.task.ament_cmake.build:Building ROS package in '/home/eogus/ros2_ws/src/pub2a' with build type 'ament_cmake'
[0.202s] INFO:colcon.colcon_cmake.task.cmake.build:Building CMake package in '/home/eogus/ros2_ws/src/pub2a'
[0.204s] INFO:colcon.colcon_core.plugin_system:Skipping extension 'colcon_core.shell.bat': Not used on non-Windows systems
[0.204s] INFO:colcon.colcon_core.shell:Skip shell extension 'powershell' for command environment: Not usable outside of PowerShell
[0.204s] DEBUG:colcon.colcon_core.shell:Skip shell extension 'dsv' for command environment
[0.219s] DEBUG:colcon.colcon_core.event_handler.log_command:Invoking command in '/home/eogus/ros2_ws/build/pub2a': CMAKE_PREFIX_PATH=${CMAKE_PREFIX_PATH}:/opt/ros/foxy /usr/bin/cmake /home/eogus/ros2_ws/src/pub2a -DAMENT_CMAKE_SYMLINK_INSTALL=1 -DCMAKE_INSTALL_PREFIX=/home/eogus/ros2_ws/install/pub2a
[1.789s] DEBUG:colcon.colcon_core.event_handler.log_command:Invoked command in '/home/eogus/ros2_ws/build/pub2a' returned '0': CMAKE_PREFIX_PATH=${CMAKE_PREFIX_PATH}:/opt/ros/foxy /usr/bin/cmake /home/eogus/ros2_ws/src/pub2a -DAMENT_CMAKE_SYMLINK_INSTALL=1 -DCMAKE_INSTALL_PREFIX=/home/eogus/ros2_ws/install/pub2a
[1.791s] DEBUG:colcon.colcon_core.event_handler.log_command:Invoking command in '/home/eogus/ros2_ws/build/pub2a': CMAKE_PREFIX_PATH=${CMAKE_PREFIX_PATH}:/opt/ros/foxy /usr/bin/cmake --build /home/eogus/ros2_ws/build/pub2a -- -j8 -l8
[3.510s] DEBUG:colcon.colcon_core.event_handler.log_command:Invoked command in '/home/eogus/ros2_ws/build/pub2a' returned '0': CMAKE_PREFIX_PATH=${CMAKE_PREFIX_PATH}:/opt/ros/foxy /usr/bin/cmake --build /home/eogus/ros2_ws/build/pub2a -- -j8 -l8
[3.531s] DEBUG:colcon.colcon_core.event_handler.log_command:Invoking command in '/home/eogus/ros2_ws/build/pub2a': CMAKE_PREFIX_PATH=${CMAKE_PREFIX_PATH}:/opt/ros/foxy /usr/bin/cmake --install /home/eogus/ros2_ws/build/pub2a
[3.633s] Level 1:colcon.colcon_core.environment:create_environment_scripts_only(pub2a)
[3.637s] Level 1:colcon.colcon_core.environment:checking '/home/eogus/ros2_ws/install/pub2a' for CMake module files
[3.637s] DEBUG:colcon.colcon_core.event_handler.log_command:Invoked command in '/home/eogus/ros2_ws/build/pub2a' returned '0': CMAKE_PREFIX_PATH=${CMAKE_PREFIX_PATH}:/opt/ros/foxy /usr/bin/cmake --install /home/eogus/ros2_ws/build/pub2a
[3.639s] Level 1:colcon.colcon_core.environment:checking '/home/eogus/ros2_ws/install/pub2a' for CMake config files
[3.641s] Level 1:colcon.colcon_core.shell:create_environment_hook('pub2a', 'cmake_prefix_path')
[3.641s] INFO:colcon.colcon_core.shell:Creating environment hook '/home/eogus/ros2_ws/install/pub2a/share/pub2a/hook/cmake_prefix_path.ps1'
[3.642s] INFO:colcon.colcon_core.shell:Creating environment descriptor '/home/eogus/ros2_ws/install/pub2a/share/pub2a/hook/cmake_prefix_path.dsv'
[3.643s] INFO:colcon.colcon_core.shell:Creating environment hook '/home/eogus/ros2_ws/install/pub2a/share/pub2a/hook/cmake_prefix_path.sh'
[3.645s] Level 1:colcon.colcon_core.environment:checking '/home/eogus/ros2_ws/install/pub2a/lib'
[3.645s] Level 1:colcon.colcon_core.environment:checking '/home/eogus/ros2_ws/install/pub2a/bin'
[3.645s] Level 1:colcon.colcon_core.environment:checking '/home/eogus/ros2_ws/install/pub2a/lib/pkgconfig/pub2a.pc'
[3.646s] Level 1:colcon.colcon_core.environment:checking '/home/eogus/ros2_ws/install/pub2a/lib/python3.8/site-packages'
[3.646s] Level 1:colcon.colcon_core.environment:checking '/home/eogus/ros2_ws/install/pub2a/bin'
[3.647s] INFO:colcon.colcon_core.shell:Creating package script '/home/eogus/ros2_ws/install/pub2a/share/pub2a/package.ps1'
[3.647s] INFO:colcon.colcon_core.shell:Creating package descriptor '/home/eogus/ros2_ws/install/pub2a/share/pub2a/package.dsv'
[3.648s] INFO:colcon.colcon_core.shell:Creating package script '/home/eogus/ros2_ws/install/pub2a/share/pub2a/package.sh'
[3.649s] INFO:colcon.colcon_core.shell:Creating package script '/home/eogus/ros2_ws/install/pub2a/share/pub2a/package.bash'
[3.650s] INFO:colcon.colcon_core.shell:Creating package script '/home/eogus/ros2_ws/install/pub2a/share/pub2a/package.zsh'
[3.650s] Level 1:colcon.colcon_core.environment:create_file_with_runtime_dependencies(/home/eogus/ros2_ws/install/pub2a/share/colcon-core/packages/pub2a)
[3.666s] Level 1:colcon.colcon_core.environment:create_environment_scripts_only(pub2a)
[3.667s] Level 1:colcon.colcon_core.environment:checking '/home/eogus/ros2_ws/install/pub2a' for CMake module files
[3.669s] Level 1:colcon.colcon_core.environment:checking '/home/eogus/ros2_ws/install/pub2a' for CMake config files
[3.671s] Level 1:colcon.colcon_core.shell:create_environment_hook('pub2a', 'cmake_prefix_path')
[3.671s] INFO:colcon.colcon_core.shell:Creating environment hook '/home/eogus/ros2_ws/install/pub2a/share/pub2a/hook/cmake_prefix_path.ps1'
[3.672s] INFO:colcon.colcon_core.shell:Creating environment descriptor '/home/eogus/ros2_ws/install/pub2a/share/pub2a/hook/cmake_prefix_path.dsv'
[3.672s] INFO:colcon.colcon_core.shell:Creating environment hook '/home/eogus/ros2_ws/install/pub2a/share/pub2a/hook/cmake_prefix_path.sh'
[3.673s] Level 1:colcon.colcon_core.environment:checking '/home/eogus/ros2_ws/install/pub2a/lib'
[3.673s] Level 1:colcon.colcon_core.environment:checking '/home/eogus/ros2_ws/install/pub2a/bin'
[3.674s] Level 1:colcon.colcon_core.environment:checking '/home/eogus/ros2_ws/install/pub2a/lib/pkgconfig/pub2a.pc'
[3.674s] Level 1:colcon.colcon_core.environment:checking '/home/eogus/ros2_ws/install/pub2a/lib/python3.8/site-packages'
[3.674s] Level 1:colcon.colcon_core.environment:checking '/home/eogus/ros2_ws/install/pub2a/bin'
[3.675s] INFO:colcon.colcon_core.shell:Creating package script '/home/eogus/ros2_ws/install/pub2a/share/pub2a/package.ps1'
[3.675s] INFO:colcon.colcon_core.shell:Creating package descriptor '/home/eogus/ros2_ws/install/pub2a/share/pub2a/package.dsv'
[3.676s] INFO:colcon.colcon_core.shell:Creating package script '/home/eogus/ros2_ws/install/pub2a/share/pub2a/package.sh'
[3.676s] INFO:colcon.colcon_core.shell:Creating package script '/home/eogus/ros2_ws/install/pub2a/share/pub2a/package.bash'
[3.677s] INFO:colcon.colcon_core.shell:Creating package script '/home/eogus/ros2_ws/install/pub2a/share/pub2a/package.zsh'
[3.677s] Level 1:colcon.colcon_core.environment:create_file_with_runtime_dependencies(/home/eogus/ros2_ws/install/pub2a/share/colcon-core/packages/pub2a)
[3.678s] DEBUG:colcon.colcon_parallel_executor.executor.parallel:closing loop
[3.678s] DEBUG:colcon.colcon_parallel_executor.executor.parallel:loop closed
[3.678s] DEBUG:colcon.colcon_parallel_executor.executor.parallel:run_until_complete finished with '0'
[3.678s] DEBUG:colcon.colcon_core.event_reactor:joining thread
[3.683s] INFO:colcon.colcon_core.plugin_system:Skipping extension 'colcon_notification.desktop_notification.notify_send': Could not find 'notify-send'
[3.683s] INFO:colcon.colcon_core.plugin_system:Skipping extension 'colcon_notification.desktop_notification.terminal_notifier': Not used on non-Darwin systems
[3.683s] INFO:colcon.colcon_core.plugin_system:Skipping extension 'colcon_notification.desktop_notification.win32': Not used on non-Windows systems
[3.683s] INFO:colcon.colcon_notification.desktop_notification:Sending desktop notification using 'notify2'
[3.692s] DEBUG:colcon.colcon_notification.desktop_notification.notify2:Failed to initialize notify2: org.freedesktop.DBus.Error.ServiceUnknown: The name org.freedesktop.Notifications was not provided by any .service files
[3.692s] DEBUG:colcon.colcon_core.event_reactor:joined thread
[3.694s] INFO:colcon.colcon_core.shell:Creating prefix script '/home/eogus/ros2_ws/install/local_setup.ps1'
[3.695s] INFO:colcon.colcon_core.shell:Creating prefix util module '/home/eogus/ros2_ws/install/_local_setup_util_ps1.py'
[3.696s] INFO:colcon.colcon_core.shell:Creating prefix chain script '/home/eogus/ros2_ws/install/setup.ps1'
[3.699s] INFO:colcon.colcon_core.shell:Creating prefix script '/home/eogus/ros2_ws/install/local_setup.sh'
[3.700s] INFO:colcon.colcon_core.shell:Creating prefix util module '/home/eogus/ros2_ws/install/_local_setup_util_sh.py'
[3.700s] INFO:colcon.colcon_core.shell:Creating prefix chain script '/home/eogus/ros2_ws/install/setup.sh'
[3.703s] INFO:colcon.colcon_core.shell:Creating prefix script '/home/eogus/ros2_ws/install/local_setup.bash'
[3.703s] INFO:colcon.colcon_core.shell:Creating prefix chain script '/home/eogus/ros2_ws/install/setup.bash'
[3.706s] INFO:colcon.colcon_core.shell:Creating prefix script '/home/eogus/ros2_ws/install/local_setup.zsh'
[3.707s] INFO:colcon.colcon_core.shell:Creating prefix chain script '/home/eogus/ros2_ws/install/setup.zsh'
