[0.010s] Invoking command in '/home/eogus/ros2_ws/build/my_package': CMAKE_PREFIX_PATH=/opt/ros/foxy /usr/bin/cmake /home/eogus/ros2_ws/src/my_package -DAMENT_CMAKE_SYMLINK_INSTALL=1 -DCMAKE_INSTALL_PREFIX=/home/eogus/ros2_ws/install/my_package
[0.018s] -- Found ament_cmake: 0.9.12 (/opt/ros/foxy/share/ament_cmake/cmake)
[0.030s] -- Using PYTHON_EXECUTABLE: /usr/bin/python3
[0.109s] -- Override CMake install command with custom implementation using symlinks instead of copying resources
[0.120s] -- Found rclcpp: 2.4.3 (/opt/ros/foxy/share/rclcpp/cmake)
[0.147s] -- Using all available rosidl_typesupport_c: rosidl_typesupport_fastrtps_c;rosidl_typesupport_introspection_c
[0.148s] -- Found rosidl_adapter: 1.3.1 (/opt/ros/foxy/share/rosidl_adapter/cmake)
[0.231s] -- Using all available rosidl_typesupport_cpp: rosidl_typesupport_fastrtps_cpp;rosidl_typesupport_introspection_cpp
[0.260s] -- Found rmw_implementation_cmake: 1.0.4 (/opt/ros/foxy/share/rmw_implementation_cmake/cmake)
[0.265s] -- Using RMW implementation 'rmw_fastrtps_cpp' as default
[0.359s] -- Found geometry_msgs: 2.0.5 (/opt/ros/foxy/share/geometry_msgs/cmake)
[0.415s] CMake Error at /opt/ros/foxy/share/ament_cmake_core/cmake/core/ament_package_xml.cmake:53 (message):
[0.415s]   ament_package_xml() package name 'my_package' in '/package.xml' does not
[0.415s]   match current PROJECT_NAME 'my_pkg'.  You must call project() with the same
[0.415s]   package name before.
[0.416s] Call Stack (most recent call first):
[0.416s]   /opt/ros/foxy/share/ament_cmake_core/cmake/core/ament_package.cmake:63 (ament_package_xml)
[0.416s]   CMakeLists.txt:24 (ament_package)
[0.416s] 
[0.419s] 
[0.419s] -- Configuring incomplete, errors occurred!
[0.420s] See also "/home/eogus/ros2_ws/build/my_package/CMakeFiles/CMakeOutput.log".
[0.420s] See also "/home/eogus/ros2_ws/build/my_package/CMakeFiles/CMakeError.log".
[0.420s] Invoked command in '/home/eogus/ros2_ws/build/my_package' returned '1': CMAKE_PREFIX_PATH=/opt/ros/foxy /usr/bin/cmake /home/eogus/ros2_ws/src/my_package -DAMENT_CMAKE_SYMLINK_INSTALL=1 -DCMAKE_INSTALL_PREFIX=/home/eogus/ros2_ws/install/my_package
