[0.014s] Invoking command in '/home/eogus/ros2_ws/build/pub2': CMAKE_PREFIX_PATH=${CMAKE_PREFIX_PATH}:/opt/ros/foxy /usr/bin/cmake --build /home/eogus/ros2_ws/build/pub2 -- -j8 -l8
[0.042s] [35m[1mScanning dependencies of target pub2[0m
[0.214s] [ 50%] [32mBuilding CXX object CMakeFiles/pub2.dir/src/pub2.cpp.o[0m
[1.515s] [100%] [32m[1mLinking CXX executable pub2[0m
[1.612s] [100%] Built target pub2
[1.618s] Invoked command in '/home/eogus/ros2_ws/build/pub2' returned '0': CMAKE_PREFIX_PATH=${CMAKE_PREFIX_PATH}:/opt/ros/foxy /usr/bin/cmake --build /home/eogus/ros2_ws/build/pub2 -- -j8 -l8
[1.640s] Invoking command in '/home/eogus/ros2_ws/build/pub2': CMAKE_PREFIX_PATH=${CMAKE_PREFIX_PATH}:/opt/ros/foxy /usr/bin/cmake --install /home/eogus/ros2_ws/build/pub2
[1.646s] -- Install configuration: ""
[1.646s] -- Execute custom install script
[1.647s] -- Up-to-date symlink: /home/eogus/ros2_ws/install/pub2/lib/pub2/pub2
[1.648s] -- Up-to-date symlink: /home/eogus/ros2_ws/install/pub2/share/ament_index/resource_index/package_run_dependencies/pub2
[1.649s] -- Up-to-date symlink: /home/eogus/ros2_ws/install/pub2/share/ament_index/resource_index/parent_prefix_path/pub2
[1.649s] -- Up-to-date symlink: /home/eogus/ros2_ws/install/pub2/share/pub2/environment/ament_prefix_path.sh
[1.650s] -- Up-to-date symlink: /home/eogus/ros2_ws/install/pub2/share/pub2/environment/ament_prefix_path.dsv
[1.650s] -- Up-to-date symlink: /home/eogus/ros2_ws/install/pub2/share/pub2/environment/path.sh
[1.651s] -- Up-to-date symlink: /home/eogus/ros2_ws/install/pub2/share/pub2/environment/path.dsv
[1.651s] -- Up-to-date symlink: /home/eogus/ros2_ws/install/pub2/share/pub2/local_setup.bash
[1.652s] -- Up-to-date symlink: /home/eogus/ros2_ws/install/pub2/share/pub2/local_setup.sh
[1.652s] -- Up-to-date symlink: /home/eogus/ros2_ws/install/pub2/share/pub2/local_setup.zsh
[1.653s] -- Up-to-date symlink: /home/eogus/ros2_ws/install/pub2/share/pub2/local_setup.dsv
[1.654s] -- Symlinking: /home/eogus/ros2_ws/install/pub2/share/pub2/package.dsv
[1.660s] -- Up-to-date symlink: /home/eogus/ros2_ws/install/pub2/share/ament_index/resource_index/packages/pub2
[1.661s] -- Up-to-date symlink: /home/eogus/ros2_ws/install/pub2/share/pub2/cmake/pub2Config.cmake
[1.661s] -- Up-to-date symlink: /home/eogus/ros2_ws/install/pub2/share/pub2/cmake/pub2Config-version.cmake
[1.662s] -- Up-to-date symlink: /home/eogus/ros2_ws/install/pub2/share/pub2/package.xml
[1.665s] Invoked command in '/home/eogus/ros2_ws/build/pub2' returned '0': CMAKE_PREFIX_PATH=${CMAKE_PREFIX_PATH}:/opt/ros/foxy /usr/bin/cmake --install /home/eogus/ros2_ws/build/pub2
