[0.010s] Invoking command in '/home/eogus/ros2_ws/build/pub2': CMAKE_PREFIX_PATH=/opt/ros/foxy /usr/bin/cmake --build /home/eogus/ros2_ws/build/pub2 -- -j8 -l8
[0.045s] [35m[1mScanning dependencies of target pub2[0m
[0.221s] [ 50%] [32mBuilding CXX object CMakeFiles/pub2.dir/src/pub2.cpp.o[0m
[1.620s] [100%] [32m[1mLinking CXX executable pub2[0m
[1.724s] [100%] Built target pub2
[1.732s] Invoked command in '/home/eogus/ros2_ws/build/pub2' returned '0': CMAKE_PREFIX_PATH=/opt/ros/foxy /usr/bin/cmake --build /home/eogus/ros2_ws/build/pub2 -- -j8 -l8
[1.756s] Invoking command in '/home/eogus/ros2_ws/build/pub2': CMAKE_PREFIX_PATH=/opt/ros/foxy /usr/bin/cmake --install /home/eogus/ros2_ws/build/pub2
[1.763s] -- Install configuration: ""
[1.764s] -- Execute custom install script
[1.765s] -- Up-to-date symlink: /home/eogus/ros2_ws/install/pub2/lib/pub2/pub2
[1.766s] -- Up-to-date symlink: /home/eogus/ros2_ws/install/pub2/share/ament_index/resource_index/package_run_dependencies/pub2
[1.767s] -- Up-to-date symlink: /home/eogus/ros2_ws/install/pub2/share/ament_index/resource_index/parent_prefix_path/pub2
[1.767s] -- Up-to-date symlink: /home/eogus/ros2_ws/install/pub2/share/pub2/environment/ament_prefix_path.sh
[1.768s] -- Up-to-date symlink: /home/eogus/ros2_ws/install/pub2/share/pub2/environment/ament_prefix_path.dsv
[1.768s] -- Up-to-date symlink: /home/eogus/ros2_ws/install/pub2/share/pub2/environment/path.sh
[1.769s] -- Up-to-date symlink: /home/eogus/ros2_ws/install/pub2/share/pub2/environment/path.dsv
[1.769s] -- Up-to-date symlink: /home/eogus/ros2_ws/install/pub2/share/pub2/local_setup.bash
[1.769s] -- Up-to-date symlink: /home/eogus/ros2_ws/install/pub2/share/pub2/local_setup.sh
[1.770s] -- Up-to-date symlink: /home/eogus/ros2_ws/install/pub2/share/pub2/local_setup.zsh
[1.770s] -- Up-to-date symlink: /home/eogus/ros2_ws/install/pub2/share/pub2/local_setup.dsv
[1.771s] -- Symlinking: /home/eogus/ros2_ws/install/pub2/share/pub2/package.dsv
[1.780s] -- Up-to-date symlink: /home/eogus/ros2_ws/install/pub2/share/ament_index/resource_index/packages/pub2
[1.780s] -- Up-to-date symlink: /home/eogus/ros2_ws/install/pub2/share/pub2/cmake/pub2Config.cmake
[1.781s] -- Up-to-date symlink: /home/eogus/ros2_ws/install/pub2/share/pub2/cmake/pub2Config-version.cmake
[1.781s] -- Up-to-date symlink: /home/eogus/ros2_ws/install/pub2/share/pub2/package.xml
[1.783s] Invoked command in '/home/eogus/ros2_ws/build/pub2' returned '0': CMAKE_PREFIX_PATH=/opt/ros/foxy /usr/bin/cmake --install /home/eogus/ros2_ws/build/pub2
