[0.014s] Invoking command in '/home/eogus/ros2_ws/build/pub2': CMAKE_PREFIX_PATH=${CMAKE_PREFIX_PATH}:/opt/ros/foxy /usr/bin/cmake /home/eogus/ros2_ws/src/pub2 -DAMENT_CMAKE_SYMLINK_INSTALL=1 -DCMAKE_INSTALL_PREFIX=/home/eogus/ros2_ws/install/pub2
[0.060s] -- The C compiler identification is GNU 9.4.0
[0.104s] -- The CXX compiler identification is GNU 9.4.0
[0.110s] -- Check for working C compiler: /usr/bin/cc
[0.170s] -- Check for working C compiler: /usr/bin/cc -- works
[0.171s] -- Detecting C compiler ABI info
[0.233s] -- Detecting C compiler ABI info - done
[0.243s] -- Detecting C compile features
[0.243s] -- Detecting C compile features - done
[0.247s] -- Check for working CXX compiler: /usr/bin/c++
[0.315s] -- Check for working CXX compiler: /usr/bin/c++ -- works
[0.315s] -- Detecting CXX compiler ABI info
[0.405s] -- Detecting CXX compiler ABI info - done
[0.415s] -- Detecting CXX compile features
[0.415s] -- Detecting CXX compile features - done
[0.424s] -- Found ament_cmake: 0.9.12 (/opt/ros/foxy/share/ament_cmake/cmake)
[0.458s] -- Found PythonInterp: /usr/bin/python3 (found suitable version "3.8.10", minimum required is "3") 
[0.459s] -- Using PYTHON_EXECUTABLE: /usr/bin/python3
[0.538s] -- Override CMake install command with custom implementation using symlinks instead of copying resources
[0.636s] -- Found rclcpp: 2.4.3 (/opt/ros/foxy/share/rclcpp/cmake)
[0.716s] -- Using all available rosidl_typesupport_c: rosidl_typesupport_fastrtps_c;rosidl_typesupport_introspection_c
[0.737s] -- Found rosidl_adapter: 1.3.1 (/opt/ros/foxy/share/rosidl_adapter/cmake)
[0.818s] -- Found OpenSSL: /usr/lib/aarch64-linux-gnu/libcrypto.so (found version "1.1.1f")  
[0.844s] -- Found FastRTPS: /opt/ros/foxy/include  
[0.932s] -- Using all available rosidl_typesupport_cpp: rosidl_typesupport_fastrtps_cpp;rosidl_typesupport_introspection_cpp
[1.007s] -- Found rmw_implementation_cmake: 1.0.4 (/opt/ros/foxy/share/rmw_implementation_cmake/cmake)
[1.008s] -- Using RMW implementation 'rmw_fastrtps_cpp' as default
[1.010s] -- Looking for pthread.h
[1.072s] -- Looking for pthread.h - found
[1.073s] -- Performing Test CMAKE_HAVE_LIBC_PTHREAD
[1.145s] -- Performing Test CMAKE_HAVE_LIBC_PTHREAD - Failed
[1.146s] -- Looking for pthread_create in pthreads
[1.198s] -- Looking for pthread_create in pthreads - not found
[1.199s] -- Looking for pthread_create in pthread
[1.258s] -- Looking for pthread_create in pthread - found
[1.259s] -- Found Threads: TRUE  
[1.456s] -- Configuring done
[1.477s] -- Generating done
[1.486s] -- Build files have been written to: /home/eogus/ros2_ws/build/pub2
[1.487s] Invoked command in '/home/eogus/ros2_ws/build/pub2' returned '0': CMAKE_PREFIX_PATH=${CMAKE_PREFIX_PATH}:/opt/ros/foxy /usr/bin/cmake /home/eogus/ros2_ws/src/pub2 -DAMENT_CMAKE_SYMLINK_INSTALL=1 -DCMAKE_INSTALL_PREFIX=/home/eogus/ros2_ws/install/pub2
[1.489s] Invoking command in '/home/eogus/ros2_ws/build/pub2': CMAKE_PREFIX_PATH=${CMAKE_PREFIX_PATH}:/opt/ros/foxy /usr/bin/cmake --build /home/eogus/ros2_ws/build/pub2 -- -j8 -l8
[1.515s] [35m[1mScanning dependencies of target pub2[0m
[1.665s] [ 50%] [32mBuilding CXX object CMakeFiles/pub2.dir/src/pub2.cpp.o[0m
[3.052s] [100%] [32m[1mLinking CXX executable pub2[0m
[3.148s] [100%] Built target pub2
[3.154s] Invoked command in '/home/eogus/ros2_ws/build/pub2' returned '0': CMAKE_PREFIX_PATH=${CMAKE_PREFIX_PATH}:/opt/ros/foxy /usr/bin/cmake --build /home/eogus/ros2_ws/build/pub2 -- -j8 -l8
[3.175s] Invoking command in '/home/eogus/ros2_ws/build/pub2': CMAKE_PREFIX_PATH=${CMAKE_PREFIX_PATH}:/opt/ros/foxy /usr/bin/cmake --install /home/eogus/ros2_ws/build/pub2
[3.181s] -- Install configuration: ""
[3.182s] -- Execute custom install script
[3.183s] -- Symlinking: /home/eogus/ros2_ws/install/pub2/lib/pub2/pub2
[3.189s] -- Symlinking: /home/eogus/ros2_ws/install/pub2/share/ament_index/resource_index/package_run_dependencies/pub2
[3.195s] -- Symlinking: /home/eogus/ros2_ws/install/pub2/share/ament_index/resource_index/parent_prefix_path/pub2
[3.200s] -- Symlinking: /home/eogus/ros2_ws/install/pub2/share/pub2/environment/ament_prefix_path.sh
[3.206s] -- Symlinking: /home/eogus/ros2_ws/install/pub2/share/pub2/environment/ament_prefix_path.dsv
[3.212s] -- Symlinking: /home/eogus/ros2_ws/install/pub2/share/pub2/environment/path.sh
[3.218s] -- Symlinking: /home/eogus/ros2_ws/install/pub2/share/pub2/environment/path.dsv
[3.224s] -- Symlinking: /home/eogus/ros2_ws/install/pub2/share/pub2/local_setup.bash
[3.229s] -- Symlinking: /home/eogus/ros2_ws/install/pub2/share/pub2/local_setup.sh
[3.235s] -- Symlinking: /home/eogus/ros2_ws/install/pub2/share/pub2/local_setup.zsh
[3.240s] -- Symlinking: /home/eogus/ros2_ws/install/pub2/share/pub2/local_setup.dsv
[3.246s] -- Symlinking: /home/eogus/ros2_ws/install/pub2/share/pub2/package.dsv
[3.252s] -- Symlinking: /home/eogus/ros2_ws/install/pub2/share/ament_index/resource_index/packages/pub2
[3.258s] -- Symlinking: /home/eogus/ros2_ws/install/pub2/share/pub2/cmake/pub2Config.cmake
[3.264s] -- Symlinking: /home/eogus/ros2_ws/install/pub2/share/pub2/cmake/pub2Config-version.cmake
[3.270s] -- Symlinking: /home/eogus/ros2_ws/install/pub2/share/pub2/package.xml
[3.280s] Invoked command in '/home/eogus/ros2_ws/build/pub2' returned '0': CMAKE_PREFIX_PATH=${CMAKE_PREFIX_PATH}:/opt/ros/foxy /usr/bin/cmake --install /home/eogus/ros2_ws/build/pub2
