[0.025s] Invoking command in '/home/eogus/ros2_ws/build/pub1': CMAKE_PREFIX_PATH=${CMAKE_PREFIX_PATH}:/opt/ros/foxy /usr/bin/cmake --build /home/eogus/ros2_ws/build/pub1 -- -j8 -l8
[0.050s] -- Found ament_cmake: 0.9.12 (/opt/ros/foxy/share/ament_cmake/cmake)
[0.066s] -- Using PYTHON_EXECUTABLE: /usr/bin/python3
[0.160s] -- Override CMake install command with custom implementation using symlinks instead of copying resources
[0.177s] -- Found rclcpp: 2.4.3 (/opt/ros/foxy/share/rclcpp/cmake)
[0.212s] -- Using all available rosidl_typesupport_c: rosidl_typesupport_fastrtps_c;rosidl_typesupport_introspection_c
[0.215s] -- Found rosidl_adapter: 1.3.1 (/opt/ros/foxy/share/rosidl_adapter/cmake)
[0.342s] -- Using all available rosidl_typesupport_cpp: rosidl_typesupport_fastrtps_cpp;rosidl_typesupport_introspection_cpp
[0.383s] -- Found rmw_implementation_cmake: 1.0.4 (/opt/ros/foxy/share/rmw_implementation_cmake/cmake)
[0.384s] -- Using RMW implementation 'rmw_fastrtps_cpp' as default
[0.574s] -- Configuring done
[0.603s] -- Generating done
[0.615s] -- Build files have been written to: /home/eogus/ros2_ws/build/pub1
[0.649s] [100%] Built target pub1
[0.656s] Invoked command in '/home/eogus/ros2_ws/build/pub1' returned '0': CMAKE_PREFIX_PATH=${CMAKE_PREFIX_PATH}:/opt/ros/foxy /usr/bin/cmake --build /home/eogus/ros2_ws/build/pub1 -- -j8 -l8
[0.680s] Invoking command in '/home/eogus/ros2_ws/build/pub1': CMAKE_PREFIX_PATH=${CMAKE_PREFIX_PATH}:/opt/ros/foxy /usr/bin/cmake --install /home/eogus/ros2_ws/build/pub1
[0.686s] -- Install configuration: ""
[0.687s] -- Execute custom install script
[0.687s] -- Up-to-date symlink: /home/eogus/ros2_ws/install/pub1/lib/pub1/pub1
[0.688s] -- Up-to-date symlink: /home/eogus/ros2_ws/install/pub1/share/ament_index/resource_index/package_run_dependencies/pub1
[0.689s] -- Up-to-date symlink: /home/eogus/ros2_ws/install/pub1/share/ament_index/resource_index/parent_prefix_path/pub1
[0.689s] -- Up-to-date symlink: /home/eogus/ros2_ws/install/pub1/share/pub1/environment/ament_prefix_path.sh
[0.690s] -- Up-to-date symlink: /home/eogus/ros2_ws/install/pub1/share/pub1/environment/ament_prefix_path.dsv
[0.690s] -- Up-to-date symlink: /home/eogus/ros2_ws/install/pub1/share/pub1/environment/path.sh
[0.691s] -- Up-to-date symlink: /home/eogus/ros2_ws/install/pub1/share/pub1/environment/path.dsv
[0.691s] -- Up-to-date symlink: /home/eogus/ros2_ws/install/pub1/share/pub1/local_setup.bash
[0.692s] -- Up-to-date symlink: /home/eogus/ros2_ws/install/pub1/share/pub1/local_setup.sh
[0.692s] -- Up-to-date symlink: /home/eogus/ros2_ws/install/pub1/share/pub1/local_setup.zsh
[0.693s] -- Up-to-date symlink: /home/eogus/ros2_ws/install/pub1/share/pub1/local_setup.dsv
[0.693s] -- Symlinking: /home/eogus/ros2_ws/install/pub1/share/pub1/package.dsv
[0.700s] -- Up-to-date symlink: /home/eogus/ros2_ws/install/pub1/share/ament_index/resource_index/packages/pub1
[0.701s] -- Up-to-date symlink: /home/eogus/ros2_ws/install/pub1/share/pub1/cmake/pub1Config.cmake
[0.701s] -- Up-to-date symlink: /home/eogus/ros2_ws/install/pub1/share/pub1/cmake/pub1Config-version.cmake
[0.702s] -- Up-to-date symlink: /home/eogus/ros2_ws/install/pub1/share/pub1/package.xml
[0.706s] Invoked command in '/home/eogus/ros2_ws/build/pub1' returned '0': CMAKE_PREFIX_PATH=${CMAKE_PREFIX_PATH}:/opt/ros/foxy /usr/bin/cmake --install /home/eogus/ros2_ws/build/pub1
