[0.021s] Invoking command in '/home/eogus/ros2_ws/build/psub1b': CMAKE_PREFIX_PATH=${CMAKE_PREFIX_PATH}:/opt/ros/foxy /usr/bin/cmake /home/eogus/ros2_ws/src/psub1b -DAMENT_CMAKE_SYMLINK_INSTALL=1 -DCMAKE_INSTALL_PREFIX=/home/eogus/ros2_ws/install/psub1b
[0.094s] -- The C compiler identification is GNU 9.4.0
[0.189s] -- The CXX compiler identification is GNU 9.4.0
[0.198s] -- Check for working C compiler: /usr/bin/cc
[0.261s] -- Check for working C compiler: /usr/bin/cc -- works
[0.262s] -- Detecting C compiler ABI info
[0.321s] -- Detecting C compiler ABI info - done
[0.331s] -- Detecting C compile features
[0.331s] -- Detecting C compile features - done
[0.334s] -- Check for working CXX compiler: /usr/bin/c++
[0.399s] -- Check for working CXX compiler: /usr/bin/c++ -- works
[0.400s] -- Detecting CXX compiler ABI info
[0.465s] -- Detecting CXX compiler ABI info - done
[0.475s] -- Detecting CXX compile features
[0.476s] -- Detecting CXX compile features - done
[0.493s] -- Found ament_cmake: 0.9.12 (/opt/ros/foxy/share/ament_cmake/cmake)
[0.529s] -- Found PythonInterp: /usr/bin/python3 (found suitable version "3.8.10", minimum required is "3") 
[0.529s] -- Using PYTHON_EXECUTABLE: /usr/bin/python3
[0.630s] -- Override CMake install command with custom implementation using symlinks instead of copying resources
[0.791s] -- Found rclcpp: 2.4.3 (/opt/ros/foxy/share/rclcpp/cmake)
[0.925s] -- Using all available rosidl_typesupport_c: rosidl_typesupport_fastrtps_c;rosidl_typesupport_introspection_c
[0.957s] -- Found rosidl_adapter: 1.3.1 (/opt/ros/foxy/share/rosidl_adapter/cmake)
[1.078s] -- Found OpenSSL: /usr/lib/aarch64-linux-gnu/libcrypto.so (found version "1.1.1f")  
[1.113s] -- Found FastRTPS: /opt/ros/foxy/include  
[1.247s] -- Using all available rosidl_typesupport_cpp: rosidl_typesupport_fastrtps_cpp;rosidl_typesupport_introspection_cpp
[1.363s] -- Found rmw_implementation_cmake: 1.0.4 (/opt/ros/foxy/share/rmw_implementation_cmake/cmake)
[1.365s] -- Using RMW implementation 'rmw_fastrtps_cpp' as default
[1.368s] -- Looking for pthread.h
[1.429s] -- Looking for pthread.h - found
[1.430s] -- Performing Test CMAKE_HAVE_LIBC_PTHREAD
[1.493s] -- Performing Test CMAKE_HAVE_LIBC_PTHREAD - Failed
[1.494s] -- Looking for pthread_create in pthreads
[1.545s] -- Looking for pthread_create in pthreads - not found
[1.545s] -- Looking for pthread_create in pthread
[1.608s] -- Looking for pthread_create in pthread - found
[1.609s] -- Found Threads: TRUE  
[1.805s] -- Found ament_lint_auto: 0.9.8 (/opt/ros/foxy/share/ament_lint_auto/cmake)
[1.957s] -- Added test 'copyright' to check source files copyright and LICENSE
[1.961s] -- Added test 'cppcheck' to perform static code analysis on C / C++ code
[1.961s] -- Configured cppcheck include dirs: 
[1.962s] -- Configured cppcheck exclude dirs and/or files: 
[1.966s] -- Added test 'cpplint' to check C / C++ code against the Google style
[1.966s] -- Configured cpplint exclude dirs and/or files: 
[1.968s] -- Added test 'lint_cmake' to check CMake code style
[1.974s] -- Added test 'uncrustify' to check C / C++ code style
[1.974s] -- Configured uncrustify additional arguments: 
[1.976s] -- Added test 'xmllint' to check XML markup files
[1.987s] -- Configuring done
[2.000s] -- Generating done
[2.008s] -- Build files have been written to: /home/eogus/ros2_ws/build/psub1b
[2.008s] Invoked command in '/home/eogus/ros2_ws/build/psub1b' returned '0': CMAKE_PREFIX_PATH=${CMAKE_PREFIX_PATH}:/opt/ros/foxy /usr/bin/cmake /home/eogus/ros2_ws/src/psub1b -DAMENT_CMAKE_SYMLINK_INSTALL=1 -DCMAKE_INSTALL_PREFIX=/home/eogus/ros2_ws/install/psub1b
[2.011s] Invoking command in '/home/eogus/ros2_ws/build/psub1b': CMAKE_PREFIX_PATH=${CMAKE_PREFIX_PATH}:/opt/ros/foxy /usr/bin/cmake --build /home/eogus/ros2_ws/build/psub1b -- -j8 -l8
[2.038s] Invoked command in '/home/eogus/ros2_ws/build/psub1b' returned '0': CMAKE_PREFIX_PATH=${CMAKE_PREFIX_PATH}:/opt/ros/foxy /usr/bin/cmake --build /home/eogus/ros2_ws/build/psub1b -- -j8 -l8
[2.062s] Invoking command in '/home/eogus/ros2_ws/build/psub1b': CMAKE_PREFIX_PATH=${CMAKE_PREFIX_PATH}:/opt/ros/foxy /usr/bin/cmake --install /home/eogus/ros2_ws/build/psub1b
[2.068s] -- Install configuration: ""
[2.068s] -- Execute custom install script
[2.070s] -- Symlinking: /home/eogus/ros2_ws/install/psub1b/share/ament_index/resource_index/package_run_dependencies/psub1b
[2.076s] -- Symlinking: /home/eogus/ros2_ws/install/psub1b/share/ament_index/resource_index/parent_prefix_path/psub1b
[2.082s] -- Symlinking: /home/eogus/ros2_ws/install/psub1b/share/psub1b/environment/ament_prefix_path.sh
[2.087s] -- Symlinking: /home/eogus/ros2_ws/install/psub1b/share/psub1b/environment/ament_prefix_path.dsv
[2.092s] -- Symlinking: /home/eogus/ros2_ws/install/psub1b/share/psub1b/environment/path.sh
[2.097s] -- Symlinking: /home/eogus/ros2_ws/install/psub1b/share/psub1b/environment/path.dsv
[2.103s] -- Symlinking: /home/eogus/ros2_ws/install/psub1b/share/psub1b/local_setup.bash
[2.109s] -- Symlinking: /home/eogus/ros2_ws/install/psub1b/share/psub1b/local_setup.sh
[2.114s] -- Symlinking: /home/eogus/ros2_ws/install/psub1b/share/psub1b/local_setup.zsh
[2.119s] -- Symlinking: /home/eogus/ros2_ws/install/psub1b/share/psub1b/local_setup.dsv
[2.125s] -- Symlinking: /home/eogus/ros2_ws/install/psub1b/share/psub1b/package.dsv
[2.130s] -- Symlinking: /home/eogus/ros2_ws/install/psub1b/share/ament_index/resource_index/packages/psub1b
[2.136s] -- Symlinking: /home/eogus/ros2_ws/install/psub1b/share/psub1b/cmake/psub1bConfig.cmake
[2.142s] -- Symlinking: /home/eogus/ros2_ws/install/psub1b/share/psub1b/cmake/psub1bConfig-version.cmake
[2.148s] -- Symlinking: /home/eogus/ros2_ws/install/psub1b/share/psub1b/package.xml
[2.156s] Invoked command in '/home/eogus/ros2_ws/build/psub1b' returned '0': CMAKE_PREFIX_PATH=${CMAKE_PREFIX_PATH}:/opt/ros/foxy /usr/bin/cmake --install /home/eogus/ros2_ws/build/psub1b
