[0.015s] Invoking command in '/home/eogus/ros2_ws/build/psub1b': CMAKE_PREFIX_PATH=${CMAKE_PREFIX_PATH}:/opt/ros/foxy /usr/bin/cmake --build /home/eogus/ros2_ws/build/psub1b -- -j8 -l8
[0.036s] -- Found ament_cmake: 0.9.12 (/opt/ros/foxy/share/ament_cmake/cmake)
[0.048s] -- Using PYTHON_EXECUTABLE: /usr/bin/python3
[0.127s] -- Override CMake install command with custom implementation using symlinks instead of copying resources
[0.139s] -- Found rclcpp: 2.4.3 (/opt/ros/foxy/share/rclcpp/cmake)
[0.167s] -- Using all available rosidl_typesupport_c: rosidl_typesupport_fastrtps_c;rosidl_typesupport_introspection_c
[0.168s] -- Found rosidl_adapter: 1.3.1 (/opt/ros/foxy/share/rosidl_adapter/cmake)
[0.304s] -- Using all available rosidl_typesupport_cpp: rosidl_typesupport_fastrtps_cpp;rosidl_typesupport_introspection_cpp
[0.335s] -- Found rmw_implementation_cmake: 1.0.4 (/opt/ros/foxy/share/rmw_implementation_cmake/cmake)
[0.346s] -- Using RMW implementation 'rmw_fastrtps_cpp' as default
[0.478s] -- Configuring done
[0.504s] -- Generating done
[0.514s] -- Build files have been written to: /home/eogus/ros2_ws/build/psub1b
[0.527s] [35m[1mScanning dependencies of target pub[0m
[0.528s] [35m[1mScanning dependencies of target sub[0m
[0.742s] [ 25%] [32mBuilding CXX object CMakeFiles/pub.dir/src/pub.cpp.o[0m
[0.761s] [ 50%] [32mBuilding CXX object CMakeFiles/sub.dir/src/sub.cpp.o[0m
[2.458s] [ 75%] [32m[1mLinking CXX executable pub[0m
[2.585s] [ 75%] Built target pub
[3.232s] [100%] [32m[1mLinking CXX executable sub[0m
[3.379s] [100%] Built target sub
[3.386s] Invoked command in '/home/eogus/ros2_ws/build/psub1b' returned '0': CMAKE_PREFIX_PATH=${CMAKE_PREFIX_PATH}:/opt/ros/foxy /usr/bin/cmake --build /home/eogus/ros2_ws/build/psub1b -- -j8 -l8
[3.408s] Invoking command in '/home/eogus/ros2_ws/build/psub1b': CMAKE_PREFIX_PATH=${CMAKE_PREFIX_PATH}:/opt/ros/foxy /usr/bin/cmake --install /home/eogus/ros2_ws/build/psub1b
[3.413s] -- Install configuration: ""
[3.414s] -- Execute custom install script
[3.415s] -- Symlinking: /home/eogus/ros2_ws/install/psub1b/lib/psub1b/pub
[3.420s] -- Symlinking: /home/eogus/ros2_ws/install/psub1b/lib/psub1b/sub
[3.425s] -- Up-to-date symlink: /home/eogus/ros2_ws/install/psub1b/share/ament_index/resource_index/package_run_dependencies/psub1b
[3.426s] -- Up-to-date symlink: /home/eogus/ros2_ws/install/psub1b/share/ament_index/resource_index/parent_prefix_path/psub1b
[3.426s] -- Up-to-date symlink: /home/eogus/ros2_ws/install/psub1b/share/psub1b/environment/ament_prefix_path.sh
[3.427s] -- Up-to-date symlink: /home/eogus/ros2_ws/install/psub1b/share/psub1b/environment/ament_prefix_path.dsv
[3.427s] -- Up-to-date symlink: /home/eogus/ros2_ws/install/psub1b/share/psub1b/environment/path.sh
[3.427s] -- Up-to-date symlink: /home/eogus/ros2_ws/install/psub1b/share/psub1b/environment/path.dsv
[3.428s] -- Up-to-date symlink: /home/eogus/ros2_ws/install/psub1b/share/psub1b/local_setup.bash
[3.428s] -- Up-to-date symlink: /home/eogus/ros2_ws/install/psub1b/share/psub1b/local_setup.sh
[3.429s] -- Up-to-date symlink: /home/eogus/ros2_ws/install/psub1b/share/psub1b/local_setup.zsh
[3.429s] -- Up-to-date symlink: /home/eogus/ros2_ws/install/psub1b/share/psub1b/local_setup.dsv
[3.429s] -- Symlinking: /home/eogus/ros2_ws/install/psub1b/share/psub1b/package.dsv
[3.434s] -- Up-to-date symlink: /home/eogus/ros2_ws/install/psub1b/share/ament_index/resource_index/packages/psub1b
[3.435s] -- Up-to-date symlink: /home/eogus/ros2_ws/install/psub1b/share/psub1b/cmake/psub1bConfig.cmake
[3.435s] -- Up-to-date symlink: /home/eogus/ros2_ws/install/psub1b/share/psub1b/cmake/psub1bConfig-version.cmake
[3.436s] -- Up-to-date symlink: /home/eogus/ros2_ws/install/psub1b/share/psub1b/package.xml
[3.440s] Invoked command in '/home/eogus/ros2_ws/build/psub1b' returned '0': CMAKE_PREFIX_PATH=${CMAKE_PREFIX_PATH}:/opt/ros/foxy /usr/bin/cmake --install /home/eogus/ros2_ws/build/psub1b
